01:01:11 I'm connected!
01:01:11 gameList []
01:01:11 {'userName': 'Rexxar', 'losses': 1, 'eloOverall': 1596, 'eloSeason': 1596, 'lossesSeason': 1}
01:01:11 {'userName': 'Anduin', 'wins': 1, 'losses': 2, 'eloOverall': 1597, 'eloSeason': 1597, 'winsSeason': 1, 'lossesSeason': 2}
01:01:11 {'userName': 'Thrall', 'wins': 2, 'losses': 1, 'eloOverall': 1603, 'eloSeason': 1603, 'winsSeason': 2, 'lossesSeason': 1}
01:01:11 {'userName': 'Jaina', 'wins': 1, 'losses': 1, 'eloOverall': 1600, 'eloSeason': 1600, 'winsSeason': 1, 'lossesSeason': 1}
01:01:12 gameList [{'name': 'eyo', 'flag': 'none', 'userNames': ['Jaina'], 'customCardback': [None], 'customCardbackUid': [None], 'gameStatus': 'notStarted', 'seatedCount': 1, 'gameCreatorName': 'Jaina', 'minPlayersCount': 5, 'maxPlayersCount': 5, 'excludedPlayerCount': [], 'experiencedMode': True, 'playerChats': 'enabled', 'enactedLiberalPolicyCount': 0, 'enactedFascistPolicyCount': 0, 'electionCount': 0, 'rebalance6p': True, 'uid': 'BoringDirtyUncoveredKingfisher', 'isCustomGame': False}]
01:01:12 {'userName': 'Rexxar', 'losses': 1, 'eloOverall': 1596, 'eloSeason': 1596, 'lossesSeason': 1}
01:01:12 {'userName': 'Anduin', 'wins': 1, 'losses': 2, 'eloOverall': 1597, 'eloSeason': 1597, 'winsSeason': 1, 'lossesSeason': 2}
01:01:12 {'userName': 'Thrall', 'wins': 2, 'losses': 1, 'eloOverall': 1603, 'eloSeason': 1603, 'winsSeason': 2, 'lossesSeason': 1}
01:01:12 {'userName': 'Jaina', 'wins': 1, 'losses': 1, 'eloOverall': 1600, 'eloSeason': 1600, 'winsSeason': 1, 'lossesSeason': 1, 'timeLastGameCreated': '2024-02-19T00:01:11.921Z'}
01:01:12 {'userName': 'Valeera', 'wins': 1, 'losses': 1, 'eloOverall': 1599, 'eloSeason': 1599, 'winsSeason': 1, 'lossesSeason': 1}
01:01:12 touChangeConfirmed False
01:01:12 gameList [{'name': 'eyo', 'flag': 'none', 'userNames': ['Jaina'], 'customCardback': [None], 'customCardbackUid': [None], 'gameStatus': 'notStarted', 'seatedCount': 1, 'gameCreatorName': 'Jaina', 'minPlayersCount': 5, 'maxPlayersCount': 5, 'excludedPlayerCount': [], 'experiencedMode': True, 'playerChats': 'enabled', 'enactedLiberalPolicyCount': 0, 'enactedFascistPolicyCount': 0, 'electionCount': 0, 'rebalance6p': True, 'uid': 'BoringDirtyUncoveredKingfisher', 'isCustomGame': False}]
01:01:12 gameList [{'name': 'eyo', 'flag': 'none', 'userNames': ['Jaina'], 'customCardback': [None], 'customCardbackUid': [None], 'gameStatus': 'notStarted', 'seatedCount': 1, 'gameCreatorName': 'Jaina', 'minPlayersCount': 5, 'maxPlayersCount': 5, 'excludedPlayerCount': [], 'experiencedMode': True, 'playerChats': 'enabled', 'enactedLiberalPolicyCount': 0, 'enactedFascistPolicyCount': 0, 'electionCount': 0, 'rebalance6p': True, 'uid': 'BoringDirtyUncoveredKingfisher', 'isCustomGame': False}]
01:01:12 Successfully joined game BoringDirtyUncoveredKingfisher
01:01:15 gameList [{'name': 'eyo', 'flag': 'none', 'userNames': ['Thrall', 'Jaina', 'Anduin', 'Valeera', 'Uther'], 'customCardback': [None, None, None, None, None], 'customCardbackUid': [None, None, None, None, None], 'gameStatus': 'isStarted', 'seatedCount': 5, 'gameCreatorName': 'Jaina', 'minPlayersCount': 5, 'maxPlayersCount': 5, 'excludedPlayerCount': [], 'experiencedMode': True, 'playerChats': 'enabled', 'enactedLiberalPolicyCount': 0, 'enactedFascistPolicyCount': 0, 'electionCount': 0, 'rebalance6p': True, 'uid': 'BoringDirtyUncoveredKingfisher', 'isCustomGame': False}]
01:01:15 Player Valeera received event {'event': <Event.PERSONAL_ROLE_CALL: 'PERSONAL_ROLE_CALL'>, 'role': 'liberal'}
01:01:15 Valeera [<Event.NOOP: 'NOOP'>, <Event.MESSAGE: 'MESSAGE'>]
01:01:15 ['gameState.phase', None, 'selectingChancellor']
01:01:15 Valeera [<Event.NOOP: 'NOOP'>, <Event.MESSAGE: 'MESSAGE'>]
01:01:17 Player Valeera received event {'event': <Event.NOMINATION: 'NOMINATION'>, 'pres': 0, 'chanc': 3}
01:01:17 Valeera [<Event.NOOP: 'NOOP'>, <Event.MESSAGE: 'MESSAGE'>]
01:01:17 ['gameState.phase', 'selectingChancellor', 'voting']
01:01:17 Action PERSONAL_VOTE with {'vote': True} from Valeera
01:01:17 Player Valeera received event {'event': <Event.MESSAGE: 'MESSAGE'>, 'player': 2, 'text': 'I, Anduin, 2 am a stupid player'}
01:01:17 Valeera [<Event.NOOP: 'NOOP'>, <Event.MESSAGE: 'MESSAGE'>]
01:01:17 Player Valeera received event {'event': <Event.MESSAGE: 'MESSAGE'>, 'player': 1, 'text': 'I, Jaina, 1 am a stupid player'}
01:01:17 Valeera [<Event.NOOP: 'NOOP'>, <Event.MESSAGE: 'MESSAGE'>]
01:01:18 gameList [{'name': 'eyo', 'flag': 'none', 'userNames': ['Thrall', 'Jaina', 'Anduin', 'Valeera', 'Uther'], 'customCardback': [None, None, None, None, None], 'customCardbackUid': [None, None, None, None, None], 'gameStatus': 'isStarted', 'seatedCount': 5, 'gameCreatorName': 'Jaina', 'minPlayersCount': 5, 'maxPlayersCount': 5, 'excludedPlayerCount': [], 'experiencedMode': True, 'playerChats': 'enabled', 'enactedLiberalPolicyCount': 0, 'enactedFascistPolicyCount': 0, 'electionCount': 1, 'rebalance6p': True, 'uid': 'BoringDirtyUncoveredKingfisher', 'isCustomGame': False}]
01:01:19 Action MESSAGE with {'chat': 'I, Valeera, 3 am a stupid player'} from Valeera
01:01:19 Player Valeera received event {'event': <Event.MESSAGE: 'MESSAGE'>, 'player': 4, 'text': 'I, Uther, 4 am a stupid player'}
01:01:19 Valeera [<Event.NOOP: 'NOOP'>, <Event.MESSAGE: 'MESSAGE'>]
01:01:19 Player Valeera received event {'event': <Event.MESSAGE: 'MESSAGE'>, 'player': 0, 'text': 'I, Thrall, 0 am a stupid player'}
01:01:19 Valeera [<Event.NOOP: 'NOOP'>, <Event.MESSAGE: 'MESSAGE'>]
01:01:21 Action MESSAGE with {'chat': 'I, Valeera, 3 am a stupid player'} from Valeera
01:01:21 Player Valeera received event {'event': <Event.MESSAGE: 'MESSAGE'>, 'player': 4, 'text': 'I, Uther, 4 am a stupid player'}
01:01:21 Valeera [<Event.NOOP: 'NOOP'>, <Event.MESSAGE: 'MESSAGE'>]
01:01:21 Player Valeera received event {'event': <Event.MESSAGE: 'MESSAGE'>, 'player': 4, 'text': 'I, Uther, 4 am a stupid player'}
01:01:21 Valeera [<Event.NOOP: 'NOOP'>, <Event.MESSAGE: 'MESSAGE'>]
01:01:21 Player Valeera received event {'event': <Event.MESSAGE: 'MESSAGE'>, 'player': 3, 'text': 'I, Valeera, 3 am a stupid player'}
01:01:21 Player Valeera received event {'event': <Event.MESSAGE: 'MESSAGE'>, 'player': 2, 'text': 'I, Anduin, 2 am a stupid player'}
01:01:21 Valeera [<Event.NOOP: 'NOOP'>, <Event.MESSAGE: 'MESSAGE'>]
01:01:21 Player Valeera received event {'event': <Event.MESSAGE: 'MESSAGE'>, 'player': 1, 'text': 'I, Jaina, 1 am a stupid player'}
01:01:21 Valeera [<Event.NOOP: 'NOOP'>, <Event.MESSAGE: 'MESSAGE'>]
01:01:21 ['gameState.phase', 'voting', 'selectingChancellor']
01:01:21 Player Valeera received event {'event': <Event.VOTES: 'VOTES'>, 'votes': ['nein', 'nein', 'nein', 'ja', 'nein']}
01:01:21 Valeera [<Event.NOOP: 'NOOP'>, <Event.MESSAGE: 'MESSAGE'>]
01:01:21 gameList [{'name': 'eyo', 'flag': 'none', 'userNames': ['Thrall', 'Jaina', 'Anduin', 'Valeera', 'Uther'], 'customCardback': [None, None, None, None, None], 'customCardbackUid': [None, None, None, None, None], 'gameStatus': 'isStarted', 'seatedCount': 5, 'gameCreatorName': 'Jaina', 'minPlayersCount': 5, 'maxPlayersCount': 5, 'excludedPlayerCount': [], 'experiencedMode': True, 'playerChats': 'enabled', 'enactedLiberalPolicyCount': 0, 'enactedFascistPolicyCount': 0, 'electionCount': 2, 'rebalance6p': True, 'uid': 'BoringDirtyUncoveredKingfisher', 'isCustomGame': False}]
01:01:23 Action MESSAGE with {'chat': 'I, Valeera, 3 am a stupid player'} from Valeera
01:01:23 Player Valeera received event {'event': <Event.MESSAGE: 'MESSAGE'>, 'player': 0, 'text': 'I, Thrall, 0 am a stupid player'}
01:01:23 Valeera [<Event.NOOP: 'NOOP'>, <Event.MESSAGE: 'MESSAGE'>]
01:01:23 Player Valeera received event {'event': <Event.MESSAGE: 'MESSAGE'>, 'player': 1, 'text': 'I, Jaina, 1 am a stupid player'}
01:01:23 Valeera [<Event.NOOP: 'NOOP'>, <Event.MESSAGE: 'MESSAGE'>]
01:01:23 Player Valeera received event {'event': <Event.MESSAGE: 'MESSAGE'>, 'player': 3, 'text': 'I, Valeera, 3 am a stupid player'}
01:01:23 Player Valeera received event {'event': <Event.MESSAGE: 'MESSAGE'>, 'player': 2, 'text': 'I, Anduin, 2 am a stupid player'}
01:01:23 Valeera [<Event.NOOP: 'NOOP'>, <Event.MESSAGE: 'MESSAGE'>]
01:01:23 Action MESSAGE with {'chat': 'I, Valeera, 3 am a stupid player'} from Valeera
01:01:23 Player Valeera received event {'event': <Event.NOMINATION: 'NOMINATION'>, 'pres': 1, 'chanc': 0}
01:01:23 Valeera [<Event.NOOP: 'NOOP'>, <Event.MESSAGE: 'MESSAGE'>]
01:01:23 Player Valeera received event {'event': <Event.MESSAGE: 'MESSAGE'>, 'player': 0, 'text': 'I, Thrall, 0 am a stupid player'}
01:01:23 Valeera [<Event.NOOP: 'NOOP'>, <Event.MESSAGE: 'MESSAGE'>]
01:01:23 Player Valeera received event {'event': <Event.MESSAGE: 'MESSAGE'>, 'player': 1, 'text': 'I, Jaina, 1 am a stupid player'}
01:01:23 Valeera [<Event.NOOP: 'NOOP'>, <Event.MESSAGE: 'MESSAGE'>]
01:01:23 ['gameState.phase', 'selectingChancellor', 'voting']
01:01:25 Action MESSAGE was overridden
01:01:25 Action PERSONAL_VOTE with {'vote': False} from Valeera
01:01:25 Action MESSAGE was overridden
01:01:25 Player Valeera received event {'event': <Event.MESSAGE: 'MESSAGE'>, 'player': 4, 'text': 'I, Uther, 4 am a stupid player'}
01:01:25 Player Valeera received event {'event': <Event.MESSAGE: 'MESSAGE'>, 'player': 0, 'text': 'I, Thrall, 0 am a stupid player'}
01:01:25 Valeera [<Event.NOOP: 'NOOP'>, <Event.MESSAGE: 'MESSAGE'>]
01:01:25 Valeera [<Event.NOOP: 'NOOP'>, <Event.MESSAGE: 'MESSAGE'>]
01:01:25 Player Valeera received event {'event': <Event.ELECTION_FAIL: 'ELECTION_FAIL'>, 'num': 1}
01:01:25 Player Valeera received event {'event': <Event.MESSAGE: 'MESSAGE'>, 'player': 3, 'text': 'I, Valeera, 3 am a stupid player'}
01:01:25 Player Valeera received event {'event': <Event.MESSAGE: 'MESSAGE'>, 'player': 2, 'text': 'I, Anduin, 2 am a stupid player'}
01:01:25 Valeera [<Event.NOOP: 'NOOP'>, <Event.MESSAGE: 'MESSAGE'>]
01:01:27 Action MESSAGE with {'chat': 'I, Valeera, 3 am a stupid player'} from Valeera
01:01:27 Player Valeera received event {'event': <Event.MESSAGE: 'MESSAGE'>, 'player': 4, 'text': 'I, Uther, 4 am a stupid player'}
01:01:27 Valeera [<Event.NOOP: 'NOOP'>, <Event.MESSAGE: 'MESSAGE'>]
01:01:27 Player Valeera received event {'event': <Event.MESSAGE: 'MESSAGE'>, 'player': 4, 'text': 'I, Uther, 4 am a stupid player'}
01:01:27 Valeera [<Event.NOOP: 'NOOP'>, <Event.MESSAGE: 'MESSAGE'>]
01:01:27 ['gameState.phase', 'voting', 'selectingChancellor']
01:01:27 Player Valeera received event {'event': <Event.VOTES: 'VOTES'>, 'votes': ['nein', 'nein', 'ja', 'nein', 'nein']}
01:01:27 Valeera [<Event.NOOP: 'NOOP'>, <Event.MESSAGE: 'MESSAGE'>]
01:01:27 gameList [{'name': 'eyo', 'flag': 'none', 'userNames': ['Thrall', 'Jaina', 'Anduin', 'Valeera', 'Uther'], 'customCardback': [None, None, None, None, None], 'customCardbackUid': [None, None, None, None, None], 'gameStatus': 'isStarted', 'seatedCount': 5, 'gameCreatorName': 'Jaina', 'minPlayersCount': 5, 'maxPlayersCount': 5, 'excludedPlayerCount': [], 'experiencedMode': True, 'playerChats': 'enabled', 'enactedLiberalPolicyCount': 0, 'enactedFascistPolicyCount': 0, 'electionCount': 3, 'rebalance6p': True, 'uid': 'BoringDirtyUncoveredKingfisher', 'isCustomGame': False}]
01:01:29 Action MESSAGE with {'chat': 'I, Valeera, 3 am a stupid player'} from Valeera
01:01:29 Action MESSAGE with {'chat': 'I, Valeera, 3 am a stupid player'} from Valeera
01:01:29 Player Valeera received event {'event': <Event.MESSAGE: 'MESSAGE'>, 'player': 0, 'text': 'I, Thrall, 0 am a stupid player'}
01:01:29 Valeera [<Event.NOOP: 'NOOP'>, <Event.MESSAGE: 'MESSAGE'>]
01:01:29 Player Valeera received event {'event': <Event.MESSAGE: 'MESSAGE'>, 'player': 1, 'text': 'I, Jaina, 1 am a stupid player'}
01:01:29 Valeera [<Event.NOOP: 'NOOP'>, <Event.MESSAGE: 'MESSAGE'>]
01:01:29 Player Valeera received event {'event': <Event.MESSAGE: 'MESSAGE'>, 'player': 3, 'text': 'I, Valeera, 3 am a stupid player'}
01:01:29 Player Valeera received event {'event': <Event.MESSAGE: 'MESSAGE'>, 'player': 2, 'text': 'I, Anduin, 2 am a stupid player'}
01:01:29 Valeera [<Event.NOOP: 'NOOP'>, <Event.MESSAGE: 'MESSAGE'>]
01:01:29 Player Valeera received event {'event': <Event.MESSAGE: 'MESSAGE'>, 'player': 4, 'text': 'I, Uther, 4 am a stupid player'}
01:01:29 Valeera [<Event.NOOP: 'NOOP'>, <Event.MESSAGE: 'MESSAGE'>]
01:01:29 Player Valeera received event {'event': <Event.NOMINATION: 'NOMINATION'>, 'pres': 2, 'chanc': 3}
01:01:29 Valeera [<Event.NOOP: 'NOOP'>, <Event.MESSAGE: 'MESSAGE'>]
01:01:29 ['gameState.phase', 'selectingChancellor', 'voting']
01:01:29 ['gameState.phase', 'selectingChancellor', 'voting']
01:01:31 Action PERSONAL_VOTE with {'vote': False} from Valeera
01:01:31 Action PERSONAL_VOTE was overridden
01:01:31 Action MESSAGE was overridden
01:01:31 Player Valeera received event {'event': <Event.MESSAGE: 'MESSAGE'>, 'player': 4, 'text': 'I, Uther, 4 am a stupid player'}
01:01:31 Player Valeera received event {'event': <Event.ELECTION_FAIL: 'ELECTION_FAIL'>, 'num': 2}
01:01:31 Valeera [<Event.NOOP: 'NOOP'>, <Event.MESSAGE: 'MESSAGE'>]
01:01:33 Player Valeera received event {'event': <Event.MESSAGE: 'MESSAGE'>, 'player': 0, 'text': 'I, Thrall, 0 am a stupid player'}
01:01:33 Valeera [<Event.NOOP: 'NOOP'>, <Event.MESSAGE: 'MESSAGE'>]
01:01:33 Action MESSAGE with {'chat': 'I, Valeera, 3 am a stupid player'} from Valeera
01:01:33 Player Valeera received event {'event': <Event.MESSAGE: 'MESSAGE'>, 'player': 1, 'text': 'I, Jaina, 1 am a stupid player'}
01:01:33 Valeera [<Event.NOOP: 'NOOP'>, <Event.MESSAGE: 'MESSAGE'>]
01:01:33 Player Valeera received event {'event': <Event.MESSAGE: 'MESSAGE'>, 'player': 3, 'text': 'I, Valeera, 3 am a stupid player'}
01:01:33 ['gameState.phase', 'voting', 'presidentSelectingPolicy']
01:01:33 Player Valeera received event {'event': <Event.VOTES: 'VOTES'>, 'votes': ['ja', 'nein', 'ja', 'nein', 'ja']}
01:01:33 Valeera [<Event.NOOP: 'NOOP'>, <Event.MESSAGE: 'MESSAGE'>]
01:01:35 ['gameState.phase', 'presidentSelectingPolicy', 'chancellorSelectingPolicy']
01:01:35 Player Valeera received event {'event': <Event.GET_CARD: 'GET_CARD'>, 'hand': ['fascist', 'fascist']}
01:01:35 Player Valeera received event {'event': <Event.MESSAGE: 'MESSAGE'>, 'player': 4, 'text': 'I, Uther, 4 am a stupid player'}
01:01:35 Valeera [<Event.NOOP: 'NOOP'>, <Event.MESSAGE: 'MESSAGE'>]
01:01:35 Low prio action MESSAGE was ignored in favor of PLAY_CARD
01:01:35 Action PLAY_CARD with {'selection': 0} from Valeera
01:01:35 Action MESSAGE was overridden
01:01:35 ['gameState.phase', 'chancellorSelectingPolicy', 'enactPolicy']
01:01:35 Player Valeera received event {'event': <Event.ENACTED: 'ENACTED'>, 'policy_type': 'fascist', 'num': 1}
01:01:35 Valeera [<Event.CHANCELLOR_CLAIM: 'CHANCELLOR_CLAIM'>]
01:01:35 gameList [{'name': 'eyo', 'flag': 'none', 'userNames': ['Thrall', 'Jaina', 'Anduin', 'Valeera', 'Uther'], 'customCardback': [None, None, None, None, None], 'customCardbackUid': [None, None, None, None, None], 'gameStatus': 'isStarted', 'seatedCount': 5, 'gameCreatorName': 'Jaina', 'minPlayersCount': 5, 'maxPlayersCount': 5, 'excludedPlayerCount': [], 'experiencedMode': True, 'playerChats': 'enabled', 'enactedLiberalPolicyCount': 0, 'enactedFascistPolicyCount': 1, 'electionCount': 3, 'rebalance6p': True, 'uid': 'BoringDirtyUncoveredKingfisher', 'isCustomGame': False}]
01:01:35 ['gameState.phase', 'enactPolicy', 'selectingChancellor']
01:01:35 Valeera [<Event.CHANCELLOR_CLAIM: 'CHANCELLOR_CLAIM'>, <Event.NOMINATION: 'NOMINATION'>]
01:01:37 Action CHANCELLOR_CLAIM with {'claimState': 'bb'} from Valeera
01:01:37 Action CHANCELLOR_CLAIM was overridden
01:01:37 Player Valeera received event {'event': <Event.MESSAGE: 'MESSAGE'>, 'player': 0, 'text': 'I, Thrall, 0 am a stupid player'}
01:01:37 Valeera [<Event.NOMINATION: 'NOMINATION'>]
01:01:38 gameList [{'name': 'eyo', 'flag': 'none', 'userNames': ['Thrall', 'Jaina', 'Anduin', 'Valeera', 'Uther'], 'customCardback': [None, None, None, None, None], 'customCardbackUid': [None, None, None, None, None], 'gameStatus': 'isStarted', 'seatedCount': 5, 'gameCreatorName': 'Jaina', 'minPlayersCount': 5, 'maxPlayersCount': 5, 'excludedPlayerCount': [], 'experiencedMode': True, 'playerChats': 'enabled', 'enactedLiberalPolicyCount': 0, 'enactedFascistPolicyCount': 1, 'electionCount': 4, 'rebalance6p': True, 'uid': 'BoringDirtyUncoveredKingfisher', 'isCustomGame': False}]
01:01:39 Action NOMINATION with {'chancellorIndex': 2} from Valeera
01:01:39 Player Valeera received event {'event': <Event.MESSAGE: 'MESSAGE'>, 'player': 1, 'text': 'I, Jaina, 1 am a stupid player'}
01:01:39 Valeera [<Event.NOMINATION: 'NOMINATION'>]
01:01:39 Player Valeera received event {'event': <Event.NOMINATION: 'NOMINATION'>, 'pres': 3, 'chanc': 2}
01:01:39 Valeera [<Event.NOMINATION: 'NOMINATION'>]
01:01:39 ['gameState.phase', 'selectingChancellor', 'voting']
01:01:41 Action NOMINATION was overridden
01:01:41 Action PERSONAL_VOTE with {'vote': True} from Valeera
01:01:41 Action NOMINATION was overridden
01:01:41 Player Valeera received event {'event': <Event.MESSAGE: 'MESSAGE'>, 'player': 4, 'text': 'I, Uther, 4 am a stupid player'}
01:01:41 Player Valeera received event {'event': <Event.MESSAGE: 'MESSAGE'>, 'player': 4, 'text': 'I, Uther, 4 am a stupid player'}
01:01:41 Valeera [<Event.NOOP: 'NOOP'>, <Event.MESSAGE: 'MESSAGE'>]
01:01:41 Valeera [<Event.NOOP: 'NOOP'>, <Event.MESSAGE: 'MESSAGE'>]
01:01:41 Player Valeera received event {'event': <Event.CHANCELLOR_CLAIM: 'CHANCELLOR_CLAIM'>, 'hand': 'bb'}
01:01:43 Player Valeera received event {'event': <Event.MESSAGE: 'MESSAGE'>, 'player': 0, 'text': 'I, Thrall, 0 am a stupid player'}
01:01:43 Valeera [<Event.NOOP: 'NOOP'>, <Event.MESSAGE: 'MESSAGE'>]
01:01:43 Action MESSAGE with {'chat': 'I, Valeera, 3 am a stupid player'} from Valeera
01:01:43 Player Valeera received event {'event': <Event.PRESIDENT_CLAIM: 'PRESIDENT_CLAIM'>, 'hand': 'rrr'}
01:01:43 Valeera [<Event.NOOP: 'NOOP'>, <Event.MESSAGE: 'MESSAGE'>]
01:01:43 Action MESSAGE with {'chat': 'I, Valeera, 3 am a stupid player'} from Valeera
01:01:43 Player Valeera received event {'event': <Event.MESSAGE: 'MESSAGE'>, 'player': 1, 'text': 'I, Jaina, 1 am a stupid player'}
01:01:43 Valeera [<Event.NOOP: 'NOOP'>, <Event.MESSAGE: 'MESSAGE'>]
01:01:43 Player Valeera received event {'event': <Event.MESSAGE: 'MESSAGE'>, 'player': 1, 'text': 'I, Jaina, 1 am a stupid player'}
01:01:43 Valeera [<Event.NOOP: 'NOOP'>, <Event.MESSAGE: 'MESSAGE'>]
01:01:43 Player Valeera received event {'event': <Event.MESSAGE: 'MESSAGE'>, 'player': 4, 'text': 'I, Uther, 4 am a stupid player'}
01:01:43 Valeera [<Event.NOOP: 'NOOP'>, <Event.MESSAGE: 'MESSAGE'>]
01:01:43 Player Valeera received event {'event': <Event.MESSAGE: 'MESSAGE'>, 'player': 3, 'text': 'I, Valeera, 3 am a stupid player'}
01:01:43 Player Valeera received event {'event': <Event.MESSAGE: 'MESSAGE'>, 'player': 0, 'text': 'I, Thrall, 0 am a stupid player'}
01:01:43 Valeera [<Event.NOOP: 'NOOP'>, <Event.MESSAGE: 'MESSAGE'>]
01:01:44 ['gameState.phase', 'voting', 'presidentSelectingPolicy']
01:01:44 Player Valeera received event {'event': <Event.VOTES: 'VOTES'>, 'votes': ['ja', 'ja', 'nein', 'ja', 'nein']}
01:01:44 Player Valeera received event {'event': <Event.DRAW: 'DRAW'>, 'hand': ['fascist', 'fascist', 'fascist']}
01:01:45 Action DISCARD with {'selection': 2} from Valeera
01:01:45 Action MESSAGE was overridden
01:01:45 Action MESSAGE was overridden
01:01:45 Action MESSAGE was overridden
01:01:45 ['gameState.phase', 'presidentSelectingPolicy', 'chancellorSelectingPolicy']
01:01:45 Valeera [<Event.NOOP: 'NOOP'>, <Event.MESSAGE: 'MESSAGE'>]
01:01:45 Player Valeera received event {'event': <Event.MESSAGE: 'MESSAGE'>, 'player': 0, 'text': 'I, Thrall, 0 am a stupid player'}
01:01:45 Valeera [<Event.NOOP: 'NOOP'>, <Event.MESSAGE: 'MESSAGE'>]
01:01:47 ['gameState.phase', 'chancellorSelectingPolicy', 'enactPolicy']
01:01:47 Player Valeera received event {'event': <Event.ENACTED: 'ENACTED'>, 'policy_type': 'fascist', 'num': 2}
01:01:47 Valeera [<Event.PRESIDENT_CLAIM: 'PRESIDENT_CLAIM'>]
01:01:47 gameList [{'name': 'eyo', 'flag': 'none', 'userNames': ['Thrall', 'Jaina', 'Anduin', 'Valeera', 'Uther'], 'customCardback': [None, None, None, None, None], 'customCardbackUid': [None, None, None, None, None], 'gameStatus': 'isStarted', 'seatedCount': 5, 'gameCreatorName': 'Jaina', 'minPlayersCount': 5, 'maxPlayersCount': 5, 'excludedPlayerCount': [], 'experiencedMode': True, 'playerChats': 'enabled', 'enactedLiberalPolicyCount': 0, 'enactedFascistPolicyCount': 2, 'electionCount': 4, 'rebalance6p': True, 'uid': 'BoringDirtyUncoveredKingfisher', 'isCustomGame': False}]
01:01:47 Action PRESIDENT_CLAIM with {'claimState': 'rbr'} from Valeera
01:01:47 Action MESSAGE was overridden
01:01:47 ['gameState.phase', 'enactPolicy', 'selectingChancellor']
01:01:47 Valeera [<Event.PRESIDENT_CLAIM: 'PRESIDENT_CLAIM'>]
01:01:47 ['gameState.phase', 'selectingChancellor', 'enactPolicy']
01:01:49 ['gameState.phase', 'enactPolicy', 'selectingChancellor']
01:01:49 Valeera [<Event.PRESIDENT_CLAIM: 'PRESIDENT_CLAIM'>]
01:01:49 Player Valeera received event {'event': <Event.NOMINATION: 'NOMINATION'>, 'pres': 4, 'chanc': 0}
01:01:49 Valeera [<Event.PRESIDENT_CLAIM: 'PRESIDENT_CLAIM'>]
01:01:49 ['gameState.phase', 'selectingChancellor', 'voting']
01:01:49 Action PERSONAL_VOTE with {'vote': True} from Valeera
01:01:49 Player Valeera received event {'event': <Event.MESSAGE: 'MESSAGE'>, 'player': 1, 'text': 'I, Jaina, 1 am a stupid player'}
01:01:49 Valeera [<Event.PRESIDENT_CLAIM: 'PRESIDENT_CLAIM'>]
01:01:49 Action PRESIDENT_CLAIM was overridden
01:01:49 Action PRESIDENT_CLAIM was overridden
01:01:49 Action PRESIDENT_CLAIM was overridden
01:01:49 Player Valeera received event {'event': <Event.MESSAGE: 'MESSAGE'>, 'player': 0, 'text': 'I, Thrall, 0 am a stupid player'}
01:01:49 Valeera [<Event.PRESIDENT_CLAIM: 'PRESIDENT_CLAIM'>]
01:01:50 gameList [{'name': 'eyo', 'flag': 'none', 'userNames': ['Thrall', 'Jaina', 'Anduin', 'Valeera', 'Uther'], 'customCardback': [None, None, None, None, None], 'customCardbackUid': [None, None, None, None, None], 'gameStatus': 'isStarted', 'seatedCount': 5, 'gameCreatorName': 'Jaina', 'minPlayersCount': 5, 'maxPlayersCount': 5, 'excludedPlayerCount': [], 'experiencedMode': True, 'playerChats': 'enabled', 'enactedLiberalPolicyCount': 0, 'enactedFascistPolicyCount': 2, 'electionCount': 5, 'rebalance6p': True, 'uid': 'BoringDirtyUncoveredKingfisher', 'isCustomGame': False}]
01:01:51 Action PRESIDENT_CLAIM with {'claimState': 'rbb'} from Valeera
01:01:51 Action PRESIDENT_CLAIM was overridden
01:01:51 Player Valeera received event {'event': <Event.CHANCELLOR_CLAIM: 'CHANCELLOR_CLAIM'>, 'hand': 'rr'}
01:01:51 Player Valeera received event {'event': <Event.CHANCELLOR_CLAIM: 'CHANCELLOR_CLAIM'>, 'hand': 'rr'}
01:01:51 Valeera [<Event.PRESIDENT_CLAIM: 'PRESIDENT_CLAIM'>]
01:01:51 Valeera [<Event.PRESIDENT_CLAIM: 'PRESIDENT_CLAIM'>]
01:01:51 Player Valeera received event {'event': <Event.PRESIDENT_CLAIM: 'PRESIDENT_CLAIM'>, 'hand': 'rbb'}
01:01:53 Action PRESIDENT_CLAIM with {'claimState': 'rrb'} from Valeera
01:01:53 Action PRESIDENT_CLAIM was overridden
01:01:53 Player Valeera received event {'event': <Event.MESSAGE: 'MESSAGE'>, 'player': 1, 'text': 'I, Jaina, 1 am a stupid player'}
01:01:53 Valeera [<Event.NOOP: 'NOOP'>, <Event.MESSAGE: 'MESSAGE'>]
01:01:53 Player Valeera received event {'event': <Event.MESSAGE: 'MESSAGE'>, 'player': 4, 'text': 'I, Uther, 4 am a stupid player'}
01:01:53 Valeera [<Event.NOOP: 'NOOP'>, <Event.MESSAGE: 'MESSAGE'>]
01:01:53 Player Valeera received event {'event': <Event.MESSAGE: 'MESSAGE'>, 'player': 2, 'text': 'I, Anduin, 2 am a stupid player'}
01:01:53 ['gameState.phase', 'voting', 'presidentSelectingPolicy']
01:01:53 Valeera [<Event.NOOP: 'NOOP'>, <Event.MESSAGE: 'MESSAGE'>]
01:01:53 Player Valeera received event {'event': <Event.VOTES: 'VOTES'>, 'votes': ['ja', 'nein', 'nein', 'ja', 'ja']}
01:01:53 Valeera [<Event.NOOP: 'NOOP'>, <Event.MESSAGE: 'MESSAGE'>]
01:01:55 Action MESSAGE with {'chat': 'I, Valeera, 3 am a stupid player'} from Valeera
01:01:55 Player Valeera received event {'event': <Event.MESSAGE: 'MESSAGE'>, 'player': 0, 'text': 'I, Thrall, 0 am a stupid player'}
01:01:55 Valeera [<Event.NOOP: 'NOOP'>, <Event.MESSAGE: 'MESSAGE'>]
01:01:55 ['gameState.phase', 'presidentSelectingPolicy', 'chancellorSelectingPolicy']
01:01:55 Valeera [<Event.NOOP: 'NOOP'>, <Event.MESSAGE: 'MESSAGE'>]
01:01:55 Player Valeera received event {'event': <Event.MESSAGE: 'MESSAGE'>, 'player': 1, 'text': 'I, Jaina, 1 am a stupid player'}
01:01:55 Valeera [<Event.NOOP: 'NOOP'>, <Event.MESSAGE: 'MESSAGE'>]
01:01:55 Player Valeera received event {'event': <Event.MESSAGE: 'MESSAGE'>, 'player': 3, 'text': 'I, Valeera, 3 am a stupid player'}
01:01:55 ['gameState.phase', 'chancellorSelectingPolicy', 'enactPolicy']
01:01:55 Player Valeera received event {'event': <Event.MESSAGE: 'MESSAGE'>, 'player': 2, 'text': 'I, Anduin, 2 am a stupid player'}
01:01:55 Valeera [<Event.NOOP: 'NOOP'>, <Event.MESSAGE: 'MESSAGE'>]
01:01:55 Player Valeera received event {'event': <Event.ENACTED: 'ENACTED'>, 'policy_type': 'liberal', 'num': 1}
01:01:55 Valeera [<Event.NOOP: 'NOOP'>, <Event.MESSAGE: 'MESSAGE'>]
01:01:55 gameList [{'name': 'eyo', 'flag': 'none', 'userNames': ['Thrall', 'Jaina', 'Anduin', 'Valeera', 'Uther'], 'customCardback': [None, None, None, None, None], 'customCardbackUid': [None, None, None, None, None], 'gameStatus': 'isStarted', 'seatedCount': 5, 'gameCreatorName': 'Jaina', 'minPlayersCount': 5, 'maxPlayersCount': 5, 'excludedPlayerCount': [], 'experiencedMode': True, 'playerChats': 'enabled', 'enactedLiberalPolicyCount': 1, 'enactedFascistPolicyCount': 2, 'electionCount': 5, 'rebalance6p': True, 'uid': 'BoringDirtyUncoveredKingfisher', 'isCustomGame': False}]
01:01:56 ['gameState.phase', 'enactPolicy', 'selectingChancellor']
01:01:56 Valeera [<Event.NOOP: 'NOOP'>, <Event.MESSAGE: 'MESSAGE'>]
01:01:57 Action MESSAGE with {'chat': 'I, Valeera, 3 am a stupid player'} from Valeera
01:01:57 Action MESSAGE with {'chat': 'I, Valeera, 3 am a stupid player'} from Valeera
01:01:57 Action MESSAGE with {'chat': 'I, Valeera, 3 am a stupid player'} from Valeera
01:01:57 Player Valeera received event {'event': <Event.MESSAGE: 'MESSAGE'>, 'player': 1, 'text': 'I, Jaina, 1 am a stupid player'}
01:01:57 Valeera [<Event.NOOP: 'NOOP'>, <Event.MESSAGE: 'MESSAGE'>]
01:01:57 Player Valeera received event {'event': <Event.MESSAGE: 'MESSAGE'>, 'player': 3, 'text': 'I, Valeera, 3 am a stupid player'}
01:01:57 Player Valeera received event {'event': <Event.PRESIDENT_CLAIM: 'PRESIDENT_CLAIM'>, 'hand': 'bbb'}
01:01:57 Valeera [<Event.NOOP: 'NOOP'>, <Event.MESSAGE: 'MESSAGE'>]
01:01:57 Player Valeera received event {'event': <Event.NOMINATION: 'NOMINATION'>, 'pres': 0, 'chanc': 1}
01:01:57 Valeera [<Event.NOOP: 'NOOP'>, <Event.MESSAGE: 'MESSAGE'>]
01:01:57 ['gameState.phase', 'selectingChancellor', 'voting']
01:01:57 ['gameState.phase', 'selectingChancellor', 'voting']
01:01:59 gameList [{'name': 'eyo', 'flag': 'none', 'userNames': ['Thrall', 'Jaina', 'Anduin', 'Valeera', 'Uther'], 'customCardback': [None, None, None, None, None], 'customCardbackUid': [None, None, None, None, None], 'gameStatus': 'isStarted', 'seatedCount': 5, 'gameCreatorName': 'Jaina', 'minPlayersCount': 5, 'maxPlayersCount': 5, 'excludedPlayerCount': [], 'experiencedMode': True, 'playerChats': 'enabled', 'enactedLiberalPolicyCount': 1, 'enactedFascistPolicyCount': 2, 'electionCount': 6, 'rebalance6p': True, 'uid': 'BoringDirtyUncoveredKingfisher', 'isCustomGame': False}]
01:01:59 Action PERSONAL_VOTE with {'vote': True} from Valeera
01:01:59 Action PERSONAL_VOTE with {'vote': True} from Valeera
01:01:59 Action MESSAGE was overridden
01:01:59 Player Valeera received event {'event': <Event.MESSAGE: 'MESSAGE'>, 'player': 2, 'text': 'I, Anduin, 2 am a stupid player'}
01:01:59 Valeera [<Event.NOOP: 'NOOP'>, <Event.MESSAGE: 'MESSAGE'>]
01:02:01 Action MESSAGE with {'chat': 'I, Valeera, 3 am a stupid player'} from Valeera
01:02:03 Player Valeera received event {'event': <Event.MESSAGE: 'MESSAGE'>, 'player': 1, 'text': 'I, Jaina, 1 am a stupid player'}
01:02:03 Valeera [<Event.NOOP: 'NOOP'>, <Event.MESSAGE: 'MESSAGE'>]
01:02:03 Player Valeera received event {'event': <Event.MESSAGE: 'MESSAGE'>, 'player': 3, 'text': 'I, Valeera, 3 am a stupid player'}
01:02:03 Player Valeera received event {'event': <Event.MESSAGE: 'MESSAGE'>, 'player': 4, 'text': 'I, Uther, 4 am a stupid player'}
01:02:03 Valeera [<Event.NOOP: 'NOOP'>, <Event.MESSAGE: 'MESSAGE'>]
01:02:03 Player Valeera received event {'event': <Event.CHANCELLOR_CLAIM: 'CHANCELLOR_CLAIM'>, 'hand': 'bb'}
01:02:03 Valeera [<Event.NOOP: 'NOOP'>, <Event.MESSAGE: 'MESSAGE'>]
01:02:11 Background carry stepping in with PERSONAL_VOTE action
01:02:11 Action PERSONAL_VOTE with {'vote': True} from Valeera
01:02:14 Player Valeera received event {'event': <Event.MESSAGE: 'MESSAGE'>, 'player': 2, 'text': 'I, Anduin, 2 am a stupid player'}
01:02:14 Valeera [<Event.NOOP: 'NOOP'>, <Event.MESSAGE: 'MESSAGE'>]
01:02:14 Action MESSAGE with {'chat': 'I, Valeera, 3 am a stupid player'} from Valeera
01:02:14 Player Valeera received event {'event': <Event.MESSAGE: 'MESSAGE'>, 'player': 1, 'text': 'I, Jaina, 1 am a stupid player'}
01:02:14 Valeera [<Event.NOOP: 'NOOP'>, <Event.MESSAGE: 'MESSAGE'>]
01:02:14 Player Valeera received event {'event': <Event.MESSAGE: 'MESSAGE'>, 'player': 4, 'text': 'I, Uther, 4 am a stupid player'}
01:02:14 Valeera [<Event.NOOP: 'NOOP'>, <Event.MESSAGE: 'MESSAGE'>]
01:02:14 ['gameState.phase', 'voting', 'presidentSelectingPolicy']
01:02:14 Player Valeera received event {'event': <Event.VOTES: 'VOTES'>, 'votes': ['nein', 'ja', 'nein', 'ja', 'ja']}
01:02:14 Valeera [<Event.NOOP: 'NOOP'>, <Event.MESSAGE: 'MESSAGE'>]
01:02:16 Action MESSAGE with {'chat': 'I, Valeera, 3 am a stupid player'} from Valeera
01:02:16 Action MESSAGE with {'chat': 'I, Valeera, 3 am a stupid player'} from Valeera
01:02:16 Player Valeera received event {'event': <Event.MESSAGE: 'MESSAGE'>, 'player': 3, 'text': 'I, Valeera, 3 am a stupid player'}
01:02:16 Player Valeera received event {'event': <Event.MESSAGE: 'MESSAGE'>, 'player': 2, 'text': 'I, Anduin, 2 am a stupid player'}
01:02:16 Valeera [<Event.NOOP: 'NOOP'>, <Event.MESSAGE: 'MESSAGE'>]
01:02:16 Player Valeera received event {'event': <Event.MESSAGE: 'MESSAGE'>, 'player': 1, 'text': 'I, Jaina, 1 am a stupid player'}
01:02:16 Valeera [<Event.NOOP: 'NOOP'>, <Event.MESSAGE: 'MESSAGE'>]
01:02:16 Action MESSAGE with {'chat': 'I, Valeera, 3 am a stupid player'} from Valeera
01:02:16 ['gameState.phase', 'presidentSelectingPolicy', 'chancellorSelectingPolicy']
01:02:16 Valeera [<Event.NOOP: 'NOOP'>, <Event.MESSAGE: 'MESSAGE'>]
01:02:18 Action MESSAGE with {'chat': 'I, Valeera, 3 am a stupid player'} from Valeera
01:02:18 Player Valeera received event {'event': <Event.MESSAGE: 'MESSAGE'>, 'player': 0, 'text': 'I, Thrall, 0 am a stupid player'}
01:02:18 Valeera [<Event.NOOP: 'NOOP'>, <Event.MESSAGE: 'MESSAGE'>]
01:02:18 Action MESSAGE with {'chat': 'I, Valeera, 3 am a stupid player'} from Valeera
01:02:18 Player Valeera received event {'event': <Event.MESSAGE: 'MESSAGE'>, 'player': 4, 'text': 'I, Uther, 4 am a stupid player'}
01:02:18 Valeera [<Event.NOOP: 'NOOP'>, <Event.MESSAGE: 'MESSAGE'>]
01:02:18 Player Valeera received event {'event': <Event.MESSAGE: 'MESSAGE'>, 'player': 2, 'text': 'I, Anduin, 2 am a stupid player'}
01:02:18 Valeera [<Event.NOOP: 'NOOP'>, <Event.MESSAGE: 'MESSAGE'>]
01:02:18 ['gameState.phase', 'chancellorSelectingPolicy', 'enactPolicy']
01:02:18 Player Valeera received event {'event': <Event.MESSAGE: 'MESSAGE'>, 'player': 4, 'text': 'I, Uther, 4 am a stupid player'}
01:02:18 Valeera [<Event.NOOP: 'NOOP'>, <Event.MESSAGE: 'MESSAGE'>]
01:02:18 gameList [{'name': 'eyo', 'flag': 'none', 'userNames': ['Thrall', 'Jaina', 'Anduin', 'Valeera', 'Uther'], 'customCardback': [None, None, None, None, None], 'customCardbackUid': [None, None, None, None, None], 'gameStatus': 'isStarted', 'seatedCount': 5, 'gameCreatorName': 'Jaina', 'minPlayersCount': 5, 'maxPlayersCount': 5, 'excludedPlayerCount': [], 'experiencedMode': True, 'playerChats': 'enabled', 'enactedLiberalPolicyCount': 1, 'enactedFascistPolicyCount': 3, 'electionCount': 6, 'rebalance6p': True, 'uid': 'BoringDirtyUncoveredKingfisher', 'isCustomGame': False}]
01:02:18 Player Valeera received event {'event': <Event.ENACTED: 'ENACTED'>, 'policy_type': 'fascist', 'num': 3}
01:02:18 Valeera [<Event.NOOP: 'NOOP'>, <Event.MESSAGE: 'MESSAGE'>]
01:02:18 Player Valeera received event {'event': <Event.PEEK_MESSAGE: 'PEEK_MESSAGE'>}
01:02:20 Action PEEK_MESSAGE with {} from Valeera
01:02:20 Action MESSAGE was overridden
01:02:20 Action MESSAGE was overridden
01:02:20 Player Valeera received event {'event': <Event.MESSAGE: 'MESSAGE'>, 'player': 3, 'text': 'I, Valeera, 3 am a stupid player'}
01:02:20 Player Valeera received event {'event': <Event.MESSAGE: 'MESSAGE'>, 'player': 2, 'text': 'I, Anduin, 2 am a stupid player'}
01:02:20 Valeera [<Event.NOOP: 'NOOP'>, <Event.MESSAGE: 'MESSAGE'>]
01:02:20 Player Valeera received event {'event': <Event.MESSAGE: 'MESSAGE'>, 'player': 0, 'text': 'I, Thrall, 0 am a stupid player'}
01:02:20 Valeera [<Event.NOOP: 'NOOP'>, <Event.MESSAGE: 'MESSAGE'>]
01:02:20 Player Valeera received event {'event': <Event.PRESIDENT_CLAIM: 'PRESIDENT_CLAIM'>, 'hand': 'bbb'}
01:02:20 Valeera [<Event.NOOP: 'NOOP'>, <Event.MESSAGE: 'MESSAGE'>]
01:02:22 Player Valeera received event {'event': <Event.MESSAGE: 'MESSAGE'>, 'player': 4, 'text': 'I, Uther, 4 am a stupid player'}
01:02:22 Valeera [<Event.NOOP: 'NOOP'>, <Event.MESSAGE: 'MESSAGE'>]
01:02:22 ['gameState.phase', 'enactPolicy', 'selectingChancellor']
01:02:22 Valeera [<Event.NOOP: 'NOOP'>, <Event.MESSAGE: 'MESSAGE'>]
01:02:22 gameList [{'name': 'eyo', 'flag': 'none', 'userNames': ['Thrall', 'Jaina', 'Anduin', 'Valeera', 'Uther'], 'customCardback': [None, None, None, None, None], 'customCardbackUid': [None, None, None, None, None], 'gameStatus': 'isStarted', 'seatedCount': 5, 'gameCreatorName': 'Jaina', 'minPlayersCount': 5, 'maxPlayersCount': 5, 'excludedPlayerCount': [], 'experiencedMode': True, 'playerChats': 'enabled', 'enactedLiberalPolicyCount': 1, 'enactedFascistPolicyCount': 3, 'electionCount': 7, 'rebalance6p': True, 'uid': 'BoringDirtyUncoveredKingfisher', 'isCustomGame': False}]
01:02:24 Player Valeera received event {'event': <Event.NOMINATION: 'NOMINATION'>, 'pres': 1, 'chanc': 2}
01:02:24 Valeera [<Event.NOOP: 'NOOP'>, <Event.MESSAGE: 'MESSAGE'>]
01:02:24 Action MESSAGE with {'chat': 'I, Valeera, 3 am a stupid player'} from Valeera
01:02:24 ['gameState.phase', 'selectingChancellor', 'voting']
01:02:26 Action PERSONAL_VOTE with {'vote': False} from Valeera
01:02:26 Player Valeera received event {'event': <Event.MESSAGE: 'MESSAGE'>, 'player': 2, 'text': 'I, Anduin, 2 am a stupid player'}
01:02:26 Valeera [<Event.NOOP: 'NOOP'>, <Event.MESSAGE: 'MESSAGE'>]
01:02:28 Player Valeera received event {'event': <Event.MESSAGE: 'MESSAGE'>, 'player': 2, 'text': 'I, Anduin, 2 am a stupid player'}
01:02:28 Valeera [<Event.NOOP: 'NOOP'>, <Event.MESSAGE: 'MESSAGE'>]
01:02:28 Action MESSAGE with {'chat': 'I, Valeera, 3 am a stupid player'} from Valeera
01:02:28 Player Valeera received event {'event': <Event.MESSAGE: 'MESSAGE'>, 'player': 4, 'text': 'I, Uther, 4 am a stupid player'}
01:02:28 Valeera [<Event.NOOP: 'NOOP'>, <Event.MESSAGE: 'MESSAGE'>]
01:02:28 Action MESSAGE with {'chat': 'I, Valeera, 3 am a stupid player'} from Valeera
01:02:28 Player Valeera received event {'event': <Event.MESSAGE: 'MESSAGE'>, 'player': 4, 'text': 'I, Uther, 4 am a stupid player'}
01:02:28 Valeera [<Event.NOOP: 'NOOP'>, <Event.MESSAGE: 'MESSAGE'>]
01:02:28 Player Valeera received event {'event': <Event.MESSAGE: 'MESSAGE'>, 'player': 3, 'text': 'I, Valeera, 3 am a stupid player'}
01:02:28 Player Valeera received event {'event': <Event.PEEK_CLAIM: 'PEEK_CLAIM'>, 'hand': 'rrr'}
01:02:28 Valeera [<Event.NOOP: 'NOOP'>, <Event.MESSAGE: 'MESSAGE'>]
01:02:28 Player Valeera received event {'event': <Event.MESSAGE: 'MESSAGE'>, 'player': 2, 'text': 'I, Anduin, 2 am a stupid player'}
01:02:28 Valeera [<Event.NOOP: 'NOOP'>, <Event.MESSAGE: 'MESSAGE'>]
01:02:28 ['gameState.phase', 'voting', 'selectingChancellor']
01:02:28 Player Valeera received event {'event': <Event.VOTES: 'VOTES'>, 'votes': ['ja', 'nein', 'ja', 'nein', 'nein']}
01:02:28 Valeera [<Event.NOOP: 'NOOP'>, <Event.MESSAGE: 'MESSAGE'>]
01:02:28 gameList [{'name': 'eyo', 'flag': 'none', 'userNames': ['Thrall', 'Jaina', 'Anduin', 'Valeera', 'Uther'], 'customCardback': [None, None, None, None, None], 'customCardbackUid': [None, None, None, None, None], 'gameStatus': 'isStarted', 'seatedCount': 5, 'gameCreatorName': 'Jaina', 'minPlayersCount': 5, 'maxPlayersCount': 5, 'excludedPlayerCount': [], 'experiencedMode': True, 'playerChats': 'enabled', 'enactedLiberalPolicyCount': 1, 'enactedFascistPolicyCount': 3, 'electionCount': 8, 'rebalance6p': True, 'uid': 'BoringDirtyUncoveredKingfisher', 'isCustomGame': False}]
01:02:28 ['gameState.phase', 'voting', 'selectingChancellor']
01:02:28 Player Valeera received event {'event': <Event.VOTES: 'VOTES'>, 'votes': ['ja', 'nein', 'ja', 'nein', 'nein']}
01:02:28 Valeera [<Event.NOOP: 'NOOP'>, <Event.MESSAGE: 'MESSAGE'>]
01:02:30 Action MESSAGE with {'chat': 'I, Valeera, 3 am a stupid player'} from Valeera
01:02:30 Action MESSAGE with {'chat': 'I, Valeera, 3 am a stupid player'} from Valeera
01:02:30 Action MESSAGE with {'chat': 'I, Valeera, 3 am a stupid player'} from Valeera
01:02:30 Player Valeera received event {'event': <Event.MESSAGE: 'MESSAGE'>, 'player': 4, 'text': 'I, Uther, 4 am a stupid player'}
01:02:30 Valeera [<Event.NOOP: 'NOOP'>, <Event.MESSAGE: 'MESSAGE'>]
01:02:30 Action MESSAGE with {'chat': 'I, Valeera, 3 am a stupid player'} from Valeera
01:02:30 Player Valeera received event {'event': <Event.CHANCELLOR_CLAIM: 'CHANCELLOR_CLAIM'>, 'hand': 'rr'}
01:02:30 Valeera [<Event.NOOP: 'NOOP'>, <Event.MESSAGE: 'MESSAGE'>]
01:02:30 Player Valeera received event {'event': <Event.NOMINATION: 'NOMINATION'>, 'pres': 2, 'chanc': 3}
01:02:30 Valeera [<Event.NOOP: 'NOOP'>, <Event.MESSAGE: 'MESSAGE'>]
01:02:30 ['gameState.phase', 'selectingChancellor', 'voting']
01:02:30 ['gameState.phase', 'selectingChancellor', 'voting']
01:02:32 Action MESSAGE was overridden
01:02:32 Player Valeera received event {'event': <Event.MESSAGE: 'MESSAGE'>, 'player': 0, 'text': 'I, Thrall, 0 am a stupid player'}
01:02:32 Valeera [<Event.NOOP: 'NOOP'>, <Event.MESSAGE: 'MESSAGE'>]
01:02:32 Player Valeera received event {'event': <Event.MESSAGE: 'MESSAGE'>, 'player': 3, 'text': 'I, Valeera, 3 am a stupid player'}
01:02:32 Player Valeera received event {'event': <Event.MESSAGE: 'MESSAGE'>, 'player': 2, 'text': 'I, Anduin, 2 am a stupid player'}
01:02:32 Valeera [<Event.NOOP: 'NOOP'>, <Event.MESSAGE: 'MESSAGE'>]
01:02:32 Action PERSONAL_VOTE with {'vote': False} from Valeera
01:02:32 Action MESSAGE was overridden
01:02:32 Action PERSONAL_VOTE was overridden
01:02:32 Player Valeera received event {'event': <Event.MESSAGE: 'MESSAGE'>, 'player': 0, 'text': 'I, Thrall, 0 am a stupid player'}
01:02:32 Player Valeera received event {'event': <Event.MESSAGE: 'MESSAGE'>, 'player': 3, 'text': 'I, Valeera, 3 am a stupid player'}
01:02:32 Valeera [<Event.NOOP: 'NOOP'>, <Event.MESSAGE: 'MESSAGE'>]
01:02:32 Player Valeera received event {'event': <Event.MESSAGE: 'MESSAGE'>, 'player': 2, 'text': 'I, Anduin, 2 am a stupid player'}
01:02:32 Player Valeera received event {'event': <Event.MESSAGE: 'MESSAGE'>, 'player': 2, 'text': 'I, Anduin, 2 am a stupid player'}
01:02:32 Valeera [<Event.NOOP: 'NOOP'>, <Event.MESSAGE: 'MESSAGE'>]
01:02:32 Valeera [<Event.NOOP: 'NOOP'>, <Event.MESSAGE: 'MESSAGE'>]
01:02:32 Player Valeera received event {'event': <Event.MESSAGE: 'MESSAGE'>, 'player': 4, 'text': 'I, Uther, 4 am a stupid player'}
01:02:32 Valeera [<Event.NOOP: 'NOOP'>, <Event.MESSAGE: 'MESSAGE'>]
01:02:34 Action MESSAGE with {'chat': 'I, Valeera, 3 am a stupid player'} from Valeera
01:02:34 Player Valeera received event {'event': <Event.ELECTION_FAIL: 'ELECTION_FAIL'>, 'num': 1}
01:02:34 Action MESSAGE with {'chat': 'I, Valeera, 3 am a stupid player'} from Valeera
01:02:34 Player Valeera received event {'event': <Event.MESSAGE: 'MESSAGE'>, 'player': 1, 'text': 'I, Jaina, 1 am a stupid player'}
01:02:34 Action MESSAGE with {'chat': 'I, Valeera, 3 am a stupid player'} from Valeera
01:02:34 Valeera [<Event.NOOP: 'NOOP'>, <Event.MESSAGE: 'MESSAGE'>]
01:02:34 Player Valeera received event {'event': <Event.MESSAGE: 'MESSAGE'>, 'player': 1, 'text': 'I, Jaina, 1 am a stupid player'}
01:02:34 Valeera [<Event.NOOP: 'NOOP'>, <Event.MESSAGE: 'MESSAGE'>]
01:02:34 Player Valeera received event {'event': <Event.MESSAGE: 'MESSAGE'>, 'player': 1, 'text': 'I, Jaina, 1 am a stupid player'}
01:02:34 Valeera [<Event.NOOP: 'NOOP'>, <Event.MESSAGE: 'MESSAGE'>]
01:02:34 Player Valeera received event {'event': <Event.MESSAGE: 'MESSAGE'>, 'player': 0, 'text': 'I, Thrall, 0 am a stupid player'}
01:02:34 Valeera [<Event.NOOP: 'NOOP'>, <Event.MESSAGE: 'MESSAGE'>]
01:02:34 ['gameState.phase', 'voting', 'selectingChancellor']
01:02:34 Player Valeera received event {'event': <Event.VOTES: 'VOTES'>, 'votes': ['nein', 'ja', 'nein', 'nein', 'nein']}
01:02:34 Valeera [<Event.NOMINATION: 'NOMINATION'>]
01:02:34 gameList [{'name': 'eyo', 'flag': 'none', 'userNames': ['Thrall', 'Jaina', 'Anduin', 'Valeera', 'Uther'], 'customCardback': [None, None, None, None, None], 'customCardbackUid': [None, None, None, None, None], 'gameStatus': 'isStarted', 'seatedCount': 5, 'gameCreatorName': 'Jaina', 'minPlayersCount': 5, 'maxPlayersCount': 5, 'excludedPlayerCount': [], 'experiencedMode': True, 'playerChats': 'enabled', 'enactedLiberalPolicyCount': 1, 'enactedFascistPolicyCount': 3, 'electionCount': 9, 'rebalance6p': True, 'uid': 'BoringDirtyUncoveredKingfisher', 'isCustomGame': False}]
01:02:36 Action NOMINATION with {'chancellorIndex': 0} from Valeera
01:02:36 Action MESSAGE was overridden
01:02:36 Player Valeera received event {'event': <Event.MESSAGE: 'MESSAGE'>, 'player': 3, 'text': 'I, Valeera, 3 am a stupid player'}
01:02:36 Player Valeera received event {'event': <Event.MESSAGE: 'MESSAGE'>, 'player': 0, 'text': 'I, Thrall, 0 am a stupid player'}
01:02:36 Valeera [<Event.NOMINATION: 'NOMINATION'>]
01:02:36 Action MESSAGE was overridden
01:02:36 Action MESSAGE was overridden
01:02:36 Player Valeera received event {'event': <Event.MESSAGE: 'MESSAGE'>, 'player': 3, 'text': 'I, Valeera, 3 am a stupid player'}
01:02:36 Player Valeera received event {'event': <Event.MESSAGE: 'MESSAGE'>, 'player': 3, 'text': 'I, Valeera, 3 am a stupid player'}
01:02:36 Player Valeera received event {'event': <Event.NOMINATION: 'NOMINATION'>, 'pres': 3, 'chanc': 0}
01:02:36 Valeera [<Event.NOMINATION: 'NOMINATION'>]
01:02:36 ['gameState.phase', 'selectingChancellor', 'voting']
01:02:38 Action NOMINATION was overridden
01:02:38 Action NOMINATION was overridden
01:02:38 Player Valeera received event {'event': <Event.MESSAGE: 'MESSAGE'>, 'player': 4, 'text': 'I, Uther, 4 am a stupid player'}
01:02:38 Valeera [<Event.NOOP: 'NOOP'>, <Event.MESSAGE: 'MESSAGE'>]
01:02:38 Player Valeera received event {'event': <Event.MESSAGE: 'MESSAGE'>, 'player': 1, 'text': 'I, Jaina, 1 am a stupid player'}
01:02:38 Valeera [<Event.NOOP: 'NOOP'>, <Event.MESSAGE: 'MESSAGE'>]
01:02:38 Low prio action MESSAGE was ignored in favor of PERSONAL_VOTE
01:02:38 Player Valeera received event {'event': <Event.MESSAGE: 'MESSAGE'>, 'player': 0, 'text': 'I, Thrall, 0 am a stupid player'}
01:02:38 Valeera [<Event.NOOP: 'NOOP'>, <Event.MESSAGE: 'MESSAGE'>]
01:02:38 Player Valeera received event {'event': <Event.MESSAGE: 'MESSAGE'>, 'player': 3, 'text': 'I, Valeera, 3 am a stupid player'}
01:02:38 Player Valeera received event {'event': <Event.MESSAGE: 'MESSAGE'>, 'player': 2, 'text': 'I, Anduin, 2 am a stupid player'}
01:02:38 Valeera [<Event.NOOP: 'NOOP'>, <Event.MESSAGE: 'MESSAGE'>]
01:02:38 Player Valeera received event {'event': <Event.ELECTION_FAIL: 'ELECTION_FAIL'>, 'num': 2}
01:02:38 Action PERSONAL_VOTE with {'vote': False} from Valeera
01:02:38 Player Valeera received event {'event': <Event.MESSAGE: 'MESSAGE'>, 'player': 4, 'text': 'I, Uther, 4 am a stupid player'}
01:02:38 Valeera [<Event.NOOP: 'NOOP'>, <Event.MESSAGE: 'MESSAGE'>]
01:02:40 Action MESSAGE with {'chat': 'I, Valeera, 3 am a stupid player'} from Valeera
01:02:40 Player Valeera received event {'event': <Event.MESSAGE: 'MESSAGE'>, 'player': 1, 'text': 'I, Jaina, 1 am a stupid player'}
01:02:40 Valeera [<Event.NOOP: 'NOOP'>, <Event.MESSAGE: 'MESSAGE'>]
01:02:40 Player Valeera received event {'event': <Event.MESSAGE: 'MESSAGE'>, 'player': 2, 'text': 'I, Anduin, 2 am a stupid player'}
01:02:40 Valeera [<Event.NOOP: 'NOOP'>, <Event.MESSAGE: 'MESSAGE'>]
01:02:40 ['gameState.phase', 'voting', 'presidentSelectingPolicy']
01:02:40 Player Valeera received event {'event': <Event.VOTES: 'VOTES'>, 'votes': ['ja', 'ja', 'ja', 'nein', 'ja']}
01:02:40 Player Valeera received event {'event': <Event.DRAW: 'DRAW'>, 'hand': ['liberal', 'liberal', 'fascist']}
01:02:42 Action DISCARD with {'selection': 2} from Valeera
01:02:42 Action MESSAGE was overridden
01:02:42 Player Valeera received event {'event': <Event.MESSAGE: 'MESSAGE'>, 'player': 1, 'text': 'I, Jaina, 1 am a stupid player'}
01:02:42 Valeera [<Event.NOOP: 'NOOP'>, <Event.MESSAGE: 'MESSAGE'>]
01:02:42 Action MESSAGE with {'chat': 'I, Valeera, 3 am a stupid player'} from Valeera
01:02:42 ['gameState.phase', 'presidentSelectingPolicy', 'chancellorSelectingPolicy']
01:02:42 Valeera [<Event.NOOP: 'NOOP'>, <Event.MESSAGE: 'MESSAGE'>]
01:02:42 Player Valeera received event {'event': <Event.MESSAGE: 'MESSAGE'>, 'player': 4, 'text': 'I, Uther, 4 am a stupid player'}
01:02:42 Valeera [<Event.NOOP: 'NOOP'>, <Event.MESSAGE: 'MESSAGE'>]
01:02:42 Player Valeera received event {'event': <Event.MESSAGE: 'MESSAGE'>, 'player': 2, 'text': 'I, Anduin, 2 am a stupid player'}
01:02:42 Valeera [<Event.NOOP: 'NOOP'>, <Event.MESSAGE: 'MESSAGE'>]
01:02:44 Action MESSAGE with {'chat': 'I, Valeera, 3 am a stupid player'} from Valeera
01:02:44 Action MESSAGE with {'chat': 'I, Valeera, 3 am a stupid player'} from Valeera
01:02:44 ['gameState.phase', 'chancellorSelectingPolicy', 'enactPolicy']
01:02:44 Player Valeera received event {'event': <Event.MESSAGE: 'MESSAGE'>, 'player': 4, 'text': 'I, Uther, 4 am a stupid player'}
01:02:44 Valeera [<Event.NOOP: 'NOOP'>, <Event.MESSAGE: 'MESSAGE'>]
01:02:44 Player Valeera received event {'event': <Event.ENACTED: 'ENACTED'>, 'policy_type': 'liberal', 'num': 2}
01:02:44 Valeera [<Event.PRESIDENT_CLAIM: 'PRESIDENT_CLAIM'>]
01:02:44 gameList [{'name': 'eyo', 'flag': 'none', 'userNames': ['Thrall', 'Jaina', 'Anduin', 'Valeera', 'Uther'], 'customCardback': [None, None, None, None, None], 'customCardbackUid': [None, None, None, None, None], 'gameStatus': 'isStarted', 'seatedCount': 5, 'gameCreatorName': 'Jaina', 'minPlayersCount': 5, 'maxPlayersCount': 5, 'excludedPlayerCount': [], 'experiencedMode': True, 'playerChats': 'enabled', 'enactedLiberalPolicyCount': 2, 'enactedFascistPolicyCount': 3, 'electionCount': 9, 'rebalance6p': True, 'uid': 'BoringDirtyUncoveredKingfisher', 'isCustomGame': False}]
01:02:44 Player Valeera received event {'event': <Event.MESSAGE: 'MESSAGE'>, 'player': 1, 'text': 'I, Jaina, 1 am a stupid player'}
01:02:44 Valeera [<Event.PRESIDENT_CLAIM: 'PRESIDENT_CLAIM'>]
01:02:44 ['gameState.phase', 'enactPolicy', 'selectingChancellor']
01:02:44 Valeera [<Event.PRESIDENT_CLAIM: 'PRESIDENT_CLAIM'>]
01:02:46 Player Valeera received event {'event': <Event.NOMINATION: 'NOMINATION'>, 'pres': 4, 'chanc': 2}
01:02:46 Valeera [<Event.PRESIDENT_CLAIM: 'PRESIDENT_CLAIM'>]
01:02:46 Action PRESIDENT_CLAIM with {'claimState': 'brr'} from Valeera
01:02:46 Action PRESIDENT_CLAIM was overridden
01:02:46 Action MESSAGE was overridden
01:02:46 Action PRESIDENT_CLAIM was overridden
01:02:46 Player Valeera received event {'event': <Event.MESSAGE: 'MESSAGE'>, 'player': 3, 'text': 'I, Valeera, 3 am a stupid player'}
01:02:46 Player Valeera received event {'event': <Event.MESSAGE: 'MESSAGE'>, 'player': 2, 'text': 'I, Anduin, 2 am a stupid player'}
01:02:46 Valeera [<Event.PRESIDENT_CLAIM: 'PRESIDENT_CLAIM'>]
01:02:46 Action PRESIDENT_CLAIM was overridden
01:02:46 Player Valeera received event {'event': <Event.MESSAGE: 'MESSAGE'>, 'player': 2, 'text': 'I, Anduin, 2 am a stupid player'}
01:02:46 Valeera [<Event.PRESIDENT_CLAIM: 'PRESIDENT_CLAIM'>]
01:02:46 ['gameState.phase', 'selectingChancellor', 'voting']
01:02:47 gameList [{'name': 'eyo', 'flag': 'none', 'userNames': ['Thrall', 'Jaina', 'Anduin', 'Valeera', 'Uther'], 'customCardback': [None, None, None, None, None], 'customCardbackUid': [None, None, None, None, None], 'gameStatus': 'isStarted', 'seatedCount': 5, 'gameCreatorName': 'Jaina', 'minPlayersCount': 5, 'maxPlayersCount': 5, 'excludedPlayerCount': [], 'experiencedMode': True, 'playerChats': 'enabled', 'enactedLiberalPolicyCount': 2, 'enactedFascistPolicyCount': 3, 'electionCount': 10, 'rebalance6p': True, 'uid': 'BoringDirtyUncoveredKingfisher', 'isCustomGame': False}]
01:02:48 Action PRESIDENT_CLAIM was overridden
01:02:48 Action PERSONAL_VOTE with {'vote': False} from Valeera
01:02:48 Action PRESIDENT_CLAIM was overridden
01:02:48 Player Valeera received event {'event': <Event.MESSAGE: 'MESSAGE'>, 'player': 1, 'text': 'I, Jaina, 1 am a stupid player'}
01:02:48 Valeera [<Event.PRESIDENT_CLAIM: 'PRESIDENT_CLAIM'>]
01:02:50 Action PRESIDENT_CLAIM with {'claimState': 'rbb'} from Valeera
01:02:50 Player Valeera received event {'event': <Event.CHANCELLOR_CLAIM: 'CHANCELLOR_CLAIM'>, 'hand': 'rb'}
01:02:50 Valeera [<Event.PRESIDENT_CLAIM: 'PRESIDENT_CLAIM'>]
01:02:50 Player Valeera received event {'event': <Event.MESSAGE: 'MESSAGE'>, 'player': 4, 'text': 'I, Uther, 4 am a stupid player'}
01:02:50 Valeera [<Event.NOOP: 'NOOP'>, <Event.MESSAGE: 'MESSAGE'>]
01:02:50 Player Valeera received event {'event': <Event.MESSAGE: 'MESSAGE'>, 'player': 1, 'text': 'I, Jaina, 1 am a stupid player'}
01:02:50 Valeera [<Event.NOOP: 'NOOP'>, <Event.MESSAGE: 'MESSAGE'>]
01:02:50 Player Valeera received event {'event': <Event.MESSAGE: 'MESSAGE'>, 'player': 0, 'text': 'I, Thrall, 0 am a stupid player'}
01:02:50 Valeera [<Event.NOOP: 'NOOP'>, <Event.MESSAGE: 'MESSAGE'>]
01:02:50 Player Valeera received event {'event': <Event.MESSAGE: 'MESSAGE'>, 'player': 2, 'text': 'I, Anduin, 2 am a stupid player'}
01:02:50 Valeera [<Event.NOOP: 'NOOP'>, <Event.MESSAGE: 'MESSAGE'>]
01:02:50 ['gameState.phase', 'voting', 'presidentSelectingPolicy']
01:02:50 Player Valeera received event {'event': <Event.VOTES: 'VOTES'>, 'votes': ['ja', 'nein', 'ja', 'nein', 'ja']}
01:02:50 Valeera [<Event.NOOP: 'NOOP'>, <Event.MESSAGE: 'MESSAGE'>]
01:02:52 ['gameState.phase', 'presidentSelectingPolicy', 'chancellorSelectingPolicy']
01:02:52 Valeera [<Event.NOOP: 'NOOP'>, <Event.MESSAGE: 'MESSAGE'>]
01:02:52 Action MESSAGE with {'chat': 'I, Valeera, 3 am a stupid player'} from Valeera
01:02:52 Action MESSAGE with {'chat': 'I, Valeera, 3 am a stupid player'} from Valeera
01:02:52 Action PRESIDENT_CLAIM was overridden
01:02:52 ['gameState.phase', 'chancellorSelectingPolicy', 'enactPolicy']
01:02:52 Player Valeera received event {'event': <Event.MESSAGE: 'MESSAGE'>, 'player': 1, 'text': 'I, Jaina, 1 am a stupid player'}
01:02:52 Valeera [<Event.NOOP: 'NOOP'>, <Event.MESSAGE: 'MESSAGE'>]
01:02:52 Player Valeera received event {'event': <Event.MESSAGE: 'MESSAGE'>, 'player': 0, 'text': 'I, Thrall, 0 am a stupid player'}
01:02:52 Valeera [<Event.NOOP: 'NOOP'>, <Event.MESSAGE: 'MESSAGE'>]
01:02:52 Player Valeera received event {'event': <Event.MESSAGE: 'MESSAGE'>, 'player': 3, 'text': 'I, Valeera, 3 am a stupid player'}
01:02:52 Player Valeera received event {'event': <Event.ENACTED: 'ENACTED'>, 'policy_type': 'fascist', 'num': 4}
01:02:52 Valeera [<Event.NOOP: 'NOOP'>, <Event.MESSAGE: 'MESSAGE'>]
01:02:52 gameList [{'name': 'eyo', 'flag': 'none', 'userNames': ['Thrall', 'Jaina', 'Anduin', 'Valeera', 'Uther'], 'customCardback': [None, None, None, None, None], 'customCardbackUid': [None, None, None, None, None], 'gameStatus': 'isStarted', 'seatedCount': 5, 'gameCreatorName': 'Jaina', 'minPlayersCount': 5, 'maxPlayersCount': 5, 'excludedPlayerCount': [], 'experiencedMode': True, 'playerChats': 'enabled', 'enactedLiberalPolicyCount': 2, 'enactedFascistPolicyCount': 4, 'electionCount': 10, 'rebalance6p': True, 'uid': 'BoringDirtyUncoveredKingfisher', 'isCustomGame': False}]
01:02:52 ['gameState.phase', 'enactPolicy', 'execution']
01:02:52 Player Valeera received event {'event': <Event.EXECUTE_MESSAGE: 'EXECUTE_MESSAGE'>}
01:02:52 Valeera [<Event.NOOP: 'NOOP'>, <Event.MESSAGE: 'MESSAGE'>]
01:02:54 Player Valeera received event {'event': <Event.PRESIDENT_CLAIM: 'PRESIDENT_CLAIM'>, 'hand': 'rrb'}
01:02:54 Valeera [<Event.NOOP: 'NOOP'>, <Event.MESSAGE: 'MESSAGE'>]
01:02:54 Action MESSAGE with {'chat': 'I, Valeera, 3 am a stupid player'} from Valeera
01:02:54 Player Valeera received event {'event': <Event.MESSAGE: 'MESSAGE'>, 'player': 1, 'text': 'I, Jaina, 1 am a stupid player'}
01:02:54 Valeera [<Event.NOOP: 'NOOP'>, <Event.MESSAGE: 'MESSAGE'>]
01:02:54 Player Valeera received event {'event': <Event.MESSAGE: 'MESSAGE'>, 'player': 3, 'text': 'I, Valeera, 3 am a stupid player'}
01:02:54 Player Valeera received event {'event': <Event.CHANCELLOR_CLAIM: 'CHANCELLOR_CLAIM'>, 'hand': 'rb'}
01:02:54 Valeera [<Event.NOOP: 'NOOP'>, <Event.MESSAGE: 'MESSAGE'>]
01:02:56 Player Valeera received event {'event': <Event.MESSAGE: 'MESSAGE'>, 'player': 1, 'text': 'I, Jaina, 1 am a stupid player'}
01:02:56 Valeera [<Event.NOOP: 'NOOP'>, <Event.MESSAGE: 'MESSAGE'>]
01:02:56 Action MESSAGE with {'chat': 'I, Valeera, 3 am a stupid player'} from Valeera
01:02:56 Player Valeera received event {'event': <Event.MESSAGE: 'MESSAGE'>, 'player': 3, 'text': 'I, Valeera, 3 am a stupid player'}
01:02:56 Player Valeera received event {'event': <Event.CHANCELLOR_CLAIM: 'CHANCELLOR_CLAIM'>, 'hand': 'rb'}
01:02:56 Valeera [<Event.NOOP: 'NOOP'>, <Event.MESSAGE: 'MESSAGE'>]
01:02:56 Player Valeera received event {'event': <Event.MESSAGE: 'MESSAGE'>, 'player': 0, 'text': 'I, Thrall, 0 am a stupid player'}
01:02:56 Valeera [<Event.NOOP: 'NOOP'>, <Event.MESSAGE: 'MESSAGE'>]
01:02:56 Action MESSAGE with {'chat': 'I, Valeera, 3 am a stupid player'} from Valeera
01:02:56 ['gameState.phase', 'execution', 'selectingChancellor']
01:02:56 Valeera [<Event.NOOP: 'NOOP'>, <Event.MESSAGE: 'MESSAGE'>]
01:02:56 Player Valeera received event {'event': <Event.MESSAGE: 'MESSAGE'>, 'player': 1, 'text': 'I, Jaina, 1 am a stupid player'}
01:02:56 Valeera [<Event.NOOP: 'NOOP'>, <Event.MESSAGE: 'MESSAGE'>]
01:02:56 Player Valeera received event {'event': <Event.MESSAGE: 'MESSAGE'>, 'player': 3, 'text': 'I, Valeera, 3 am a stupid player'}
01:02:56 Player Valeera received event {'event': <Event.MESSAGE: 'MESSAGE'>, 'player': 2, 'text': 'I, Anduin, 2 am a stupid player'}
01:02:56 Valeera [<Event.NOOP: 'NOOP'>, <Event.MESSAGE: 'MESSAGE'>]
01:02:56 gameList [{'name': 'eyo', 'flag': 'none', 'userNames': ['Thrall', 'Jaina', 'Anduin', 'Valeera', 'Uther'], 'customCardback': [None, None, None, None, None], 'customCardbackUid': [None, None, None, None, None], 'gameStatus': 'isStarted', 'seatedCount': 5, 'gameCreatorName': 'Jaina', 'minPlayersCount': 5, 'maxPlayersCount': 5, 'excludedPlayerCount': [], 'experiencedMode': True, 'playerChats': 'enabled', 'enactedLiberalPolicyCount': 2, 'enactedFascistPolicyCount': 4, 'electionCount': 11, 'rebalance6p': True, 'uid': 'BoringDirtyUncoveredKingfisher', 'isCustomGame': False}]
01:02:58 Action MESSAGE with {'chat': 'I, Valeera, 3 am a stupid player'} from Valeera
01:02:58 Player Valeera received event {'event': <Event.EXECUTE_ACTION: 'EXECUTE_ACTION'>, 'killed': 0, 'killer': 1}
01:02:58 Action MESSAGE with {'chat': 'I, Valeera, 3 am a stupid player'} from Valeera
01:02:58 Player Valeera received event {'event': <Event.NOMINATION: 'NOMINATION'>, 'pres': 1, 'chanc': 4}
01:02:58 Valeera [<Event.NOOP: 'NOOP'>, <Event.MESSAGE: 'MESSAGE'>]
01:02:58 ['gameState.phase', 'selectingChancellor', 'voting']
01:03:00 Action PERSONAL_VOTE with {'vote': True} from Valeera
01:03:00 Player Valeera received event {'event': <Event.MESSAGE: 'MESSAGE'>, 'player': 3, 'text': 'I, Valeera, 3 am a stupid player'}
01:03:00 Player Valeera received event {'event': <Event.MESSAGE: 'MESSAGE'>, 'player': 2, 'text': 'I, Anduin, 2 am a stupid player'}
01:03:00 Valeera [<Event.NOOP: 'NOOP'>, <Event.MESSAGE: 'MESSAGE'>]
01:03:02 Action MESSAGE with {'chat': 'I, Valeera, 3 am a stupid player'} from Valeera
01:03:14 Player Valeera received event {'event': <Event.MESSAGE: 'MESSAGE'>, 'player': 1, 'text': 'I, Jaina, 1 am a stupid player'}
01:03:14 Valeera [<Event.NOOP: 'NOOP'>, <Event.MESSAGE: 'MESSAGE'>]
01:03:14 Player Valeera received event {'event': <Event.MESSAGE: 'MESSAGE'>, 'player': 3, 'text': 'I, Valeera, 3 am a stupid player'}
01:03:14 Player Valeera received event {'event': <Event.MESSAGE: 'MESSAGE'>, 'player': 2, 'text': 'I, Anduin, 2 am a stupid player'}
01:03:14 Valeera [<Event.NOOP: 'NOOP'>, <Event.MESSAGE: 'MESSAGE'>]
01:03:14 Action MESSAGE with {'chat': 'I, Valeera, 3 am a stupid player'} from Valeera
01:03:14 Player Valeera received event {'event': <Event.MESSAGE: 'MESSAGE'>, 'player': 1, 'text': 'I, Jaina, 1 am a stupid player'}
01:03:14 Valeera [<Event.NOOP: 'NOOP'>, <Event.MESSAGE: 'MESSAGE'>]
01:03:14 Player Valeera received event {'event': <Event.MESSAGE: 'MESSAGE'>, 'player': 3, 'text': 'I, Valeera, 3 am a stupid player'}
01:03:14 Player Valeera received event {'event': <Event.MESSAGE: 'MESSAGE'>, 'player': 4, 'text': 'I, Uther, 4 am a stupid player'}
01:03:14 Valeera [<Event.NOOP: 'NOOP'>, <Event.MESSAGE: 'MESSAGE'>]
01:03:14 Player Valeera received event {'event': <Event.MESSAGE: 'MESSAGE'>, 'player': 2, 'text': 'I, Anduin, 2 am a stupid player'}
01:03:14 Valeera [<Event.NOOP: 'NOOP'>, <Event.MESSAGE: 'MESSAGE'>]
01:03:14 Player Valeera received event {'event': <Event.MESSAGE: 'MESSAGE'>, 'player': 1, 'text': 'I, Jaina, 1 am a stupid player'}
01:03:14 Valeera [<Event.NOOP: 'NOOP'>, <Event.MESSAGE: 'MESSAGE'>]
01:03:14 ['gameState.phase', 'voting', 'selectingChancellor']
01:03:14 Player Valeera received event {'event': <Event.VOTES: 'VOTES'>, 'votes': ['ja', 'nein', 'nein', 'ja', 'nein']}
01:03:14 Valeera [<Event.NOOP: 'NOOP'>, <Event.MESSAGE: 'MESSAGE'>]
01:03:14 gameList [{'name': 'eyo', 'flag': 'none', 'userNames': ['Thrall', 'Jaina', 'Anduin', 'Valeera', 'Uther'], 'customCardback': [None, None, None, None, None], 'customCardbackUid': [None, None, None, None, None], 'gameStatus': 'isStarted', 'seatedCount': 5, 'gameCreatorName': 'Jaina', 'minPlayersCount': 5, 'maxPlayersCount': 5, 'excludedPlayerCount': [], 'experiencedMode': True, 'playerChats': 'enabled', 'enactedLiberalPolicyCount': 2, 'enactedFascistPolicyCount': 4, 'electionCount': 12, 'rebalance6p': True, 'uid': 'BoringDirtyUncoveredKingfisher', 'isCustomGame': False}]
01:03:16 Action MESSAGE with {'chat': 'I, Valeera, 3 am a stupid player'} from Valeera
01:03:16 Action MESSAGE with {'chat': 'I, Valeera, 3 am a stupid player'} from Valeera
01:03:16 Action MESSAGE with {'chat': 'I, Valeera, 3 am a stupid player'} from Valeera
01:03:16 Player Valeera received event {'event': <Event.ELECTION_FAIL: 'ELECTION_FAIL'>, 'num': 1}
01:03:16 ['gameState.phase', 'selectingChancellor', 'voting']
01:03:18 Action PERSONAL_VOTE with {'vote': True} from Valeera
01:03:18 Player Valeera received event {'event': <Event.MESSAGE: 'MESSAGE'>, 'player': 3, 'text': 'I, Valeera, 3 am a stupid player'}
01:03:18 Player Valeera received event {'event': <Event.MESSAGE: 'MESSAGE'>, 'player': 4, 'text': 'I, Uther, 4 am a stupid player'}
01:03:18 Valeera [<Event.NOOP: 'NOOP'>, <Event.MESSAGE: 'MESSAGE'>]
01:03:18 Player Valeera received event {'event': <Event.MESSAGE: 'MESSAGE'>, 'player': 1, 'text': 'I, Jaina, 1 am a stupid player'}
01:03:18 Valeera [<Event.NOOP: 'NOOP'>, <Event.MESSAGE: 'MESSAGE'>]
01:03:20 Player Valeera received event {'event': <Event.MESSAGE: 'MESSAGE'>, 'player': 2, 'text': 'I, Anduin, 2 am a stupid player'}
01:03:20 Valeera [<Event.NOOP: 'NOOP'>, <Event.MESSAGE: 'MESSAGE'>]
01:03:20 Player Valeera received event {'event': <Event.MESSAGE: 'MESSAGE'>, 'player': 4, 'text': 'I, Uther, 4 am a stupid player'}
01:03:20 Valeera [<Event.NOOP: 'NOOP'>, <Event.MESSAGE: 'MESSAGE'>]
01:03:20 Action MESSAGE with {'chat': 'I, Valeera, 3 am a stupid player'} from Valeera
01:03:20 Player Valeera received event {'event': <Event.MESSAGE: 'MESSAGE'>, 'player': 1, 'text': 'I, Jaina, 1 am a stupid player'}
01:03:20 Valeera [<Event.NOOP: 'NOOP'>, <Event.MESSAGE: 'MESSAGE'>]
01:03:20 Player Valeera received event {'event': <Event.MESSAGE: 'MESSAGE'>, 'player': 3, 'text': 'I, Valeera, 3 am a stupid player'}
01:03:20 ['gameState.phase', 'voting', 'presidentSelectingPolicy']
01:03:20 Player Valeera received event {'event': <Event.VOTES: 'VOTES'>, 'votes': ['ja', 'nein', 'ja', 'ja', 'ja']}
01:03:20 Valeera [<Event.NOOP: 'NOOP'>, <Event.MESSAGE: 'MESSAGE'>]
01:03:22 ['gameState.phase', 'presidentSelectingPolicy', 'chancellorSelectingPolicy']
01:03:22 Valeera [<Event.NOOP: 'NOOP'>, <Event.MESSAGE: 'MESSAGE'>]
01:03:22 Player Valeera received event {'event': <Event.MESSAGE: 'MESSAGE'>, 'player': 1, 'text': 'I, Jaina, 1 am a stupid player'}
01:03:22 Valeera [<Event.NOOP: 'NOOP'>, <Event.MESSAGE: 'MESSAGE'>]
01:03:22 Action MESSAGE with {'chat': 'I, Valeera, 3 am a stupid player'} from Valeera
01:03:22 Action MESSAGE with {'chat': 'I, Valeera, 3 am a stupid player'} from Valeera
01:03:24 ['gameState.phase', 'chancellorSelectingPolicy', 'enactPolicy']
01:03:24 Player Valeera received event {'event': <Event.MESSAGE: 'MESSAGE'>, 'player': 3, 'text': 'I, Valeera, 3 am a stupid player'}
01:03:24 Player Valeera received event {'event': <Event.ENACTED: 'ENACTED'>, 'policy_type': 'liberal', 'num': 3}
01:03:24 Valeera [<Event.NOOP: 'NOOP'>, <Event.MESSAGE: 'MESSAGE'>]
01:03:24 gameList [{'name': 'eyo', 'flag': 'none', 'userNames': ['Thrall', 'Jaina', 'Anduin', 'Valeera', 'Uther'], 'customCardback': [None, None, None, None, None], 'customCardbackUid': [None, None, None, None, None], 'gameStatus': 'isStarted', 'seatedCount': 5, 'gameCreatorName': 'Jaina', 'minPlayersCount': 5, 'maxPlayersCount': 5, 'excludedPlayerCount': [], 'experiencedMode': True, 'playerChats': 'enabled', 'enactedLiberalPolicyCount': 3, 'enactedFascistPolicyCount': 4, 'electionCount': 12, 'rebalance6p': True, 'uid': 'BoringDirtyUncoveredKingfisher', 'isCustomGame': False}]
01:03:24 Action MESSAGE with {'chat': 'I, Valeera, 3 am a stupid player'} from Valeera
01:03:24 Player Valeera received event {'event': <Event.MESSAGE: 'MESSAGE'>, 'player': 1, 'text': 'I, Jaina, 1 am a stupid player'}
01:03:24 Valeera [<Event.NOOP: 'NOOP'>, <Event.MESSAGE: 'MESSAGE'>]
01:03:24 Player Valeera received event {'event': <Event.MESSAGE: 'MESSAGE'>, 'player': 2, 'text': 'I, Anduin, 2 am a stupid player'}
01:03:24 Valeera [<Event.NOOP: 'NOOP'>, <Event.MESSAGE: 'MESSAGE'>]
01:03:24 ['gameState.phase', 'enactPolicy', 'selectingChancellor']
01:03:24 Valeera [<Event.NOMINATION: 'NOMINATION'>]
01:03:26 Player Valeera received event {'event': <Event.MESSAGE: 'MESSAGE'>, 'player': 3, 'text': 'I, Valeera, 3 am a stupid player'}
01:03:26 Player Valeera received event {'event': <Event.CHANCELLOR_CLAIM: 'CHANCELLOR_CLAIM'>, 'hand': 'bb'}
01:03:26 Valeera [<Event.NOMINATION: 'NOMINATION'>]
01:03:26 Player Valeera received event {'event': <Event.MESSAGE: 'MESSAGE'>, 'player': 1, 'text': 'I, Jaina, 1 am a stupid player'}
01:03:26 Valeera [<Event.NOMINATION: 'NOMINATION'>]
01:03:26 Action NOMINATION with {'chancellorIndex': 1} from Valeera
01:03:26 Player Valeera received event {'event': <Event.PRESIDENT_CLAIM: 'PRESIDENT_CLAIM'>, 'hand': 'rrr'}
01:03:26 Valeera [<Event.NOMINATION: 'NOMINATION'>]
01:03:26 Action NOMINATION with {'chancellorIndex': 2} from Valeera
01:03:26 Action NOMINATION was overridden
01:03:26 Action MESSAGE was overridden
01:03:26 Player Valeera received event {'event': <Event.NOMINATION: 'NOMINATION'>, 'pres': 3, 'chanc': 1}
01:03:26 Valeera [<Event.NOMINATION: 'NOMINATION'>]
01:03:26 ['gameState.phase', 'selectingChancellor', 'voting']
01:03:27 gameList [{'name': 'eyo', 'flag': 'none', 'userNames': ['Thrall', 'Jaina', 'Anduin', 'Valeera', 'Uther'], 'customCardback': [None, None, None, None, None], 'customCardbackUid': [None, None, None, None, None], 'gameStatus': 'isStarted', 'seatedCount': 5, 'gameCreatorName': 'Jaina', 'minPlayersCount': 5, 'maxPlayersCount': 5, 'excludedPlayerCount': [], 'experiencedMode': True, 'playerChats': 'enabled', 'enactedLiberalPolicyCount': 3, 'enactedFascistPolicyCount': 4, 'electionCount': 13, 'rebalance6p': True, 'uid': 'BoringDirtyUncoveredKingfisher', 'isCustomGame': False}]
01:03:28 Action NOMINATION was overridden
01:03:28 Action PERSONAL_VOTE with {'vote': False} from Valeera
01:03:28 Action NOMINATION was overridden
01:03:30 Player Valeera received event {'event': <Event.ELECTION_FAIL: 'ELECTION_FAIL'>, 'num': 1}
01:03:30 gameList [{'name': 'eyo', 'flag': 'none', 'userNames': ['Thrall', 'Jaina', 'Anduin', 'Valeera', 'Uther'], 'customCardback': [None, None, None, None, None], 'customCardbackUid': [None, None, None, None, None], 'gameStatus': 'isStarted', 'seatedCount': 5, 'gameCreatorName': 'Jaina', 'minPlayersCount': 5, 'maxPlayersCount': 5, 'excludedPlayerCount': [], 'experiencedMode': True, 'playerChats': 'enabled', 'enactedLiberalPolicyCount': 3, 'enactedFascistPolicyCount': 4, 'electionCount': 14, 'rebalance6p': True, 'uid': 'BoringDirtyUncoveredKingfisher', 'isCustomGame': False}]
01:03:30 ['gameState.phase', 'voting', 'selectingChancellor']
01:03:30 Player Valeera received event {'event': <Event.VOTES: 'VOTES'>, 'votes': ['ja', 'nein', 'nein', 'nein', 'nein']}
01:03:30 Valeera [<Event.NOOP: 'NOOP'>, <Event.MESSAGE: 'MESSAGE'>]
01:03:30 Action MESSAGE with {'chat': 'I, Valeera, 3 am a stupid player'} from Valeera
01:03:30 Player Valeera received event {'event': <Event.NOMINATION: 'NOMINATION'>, 'pres': 4, 'chanc': 3}
01:03:30 Valeera [<Event.NOOP: 'NOOP'>, <Event.MESSAGE: 'MESSAGE'>]
01:03:31 ['gameState.phase', 'selectingChancellor', 'voting']
01:03:32 Action PERSONAL_VOTE with {'vote': True} from Valeera
01:03:32 Action MESSAGE was overridden
01:03:32 Player Valeera received event {'event': <Event.MESSAGE: 'MESSAGE'>, 'player': 1, 'text': 'I, Jaina, 1 am a stupid player'}
01:03:32 Valeera [<Event.NOOP: 'NOOP'>, <Event.MESSAGE: 'MESSAGE'>]
01:03:34 Action MESSAGE with {'chat': 'I, Valeera, 3 am a stupid player'} from Valeera
01:03:35 Player Valeera received event {'event': <Event.MESSAGE: 'MESSAGE'>, 'player': 2, 'text': 'I, Anduin, 2 am a stupid player'}
01:03:35 Valeera [<Event.NOOP: 'NOOP'>, <Event.MESSAGE: 'MESSAGE'>]
01:03:35 Player Valeera received event {'event': <Event.MESSAGE: 'MESSAGE'>, 'player': 3, 'text': 'I, Valeera, 3 am a stupid player'}
01:03:35 Player Valeera received event {'event': <Event.MESSAGE: 'MESSAGE'>, 'player': 4, 'text': 'I, Uther, 4 am a stupid player'}
01:03:35 Valeera [<Event.NOOP: 'NOOP'>, <Event.MESSAGE: 'MESSAGE'>]
01:03:35 Player Valeera received event {'event': <Event.MESSAGE: 'MESSAGE'>, 'player': 2, 'text': 'I, Anduin, 2 am a stupid player'}
01:03:35 Valeera [<Event.NOOP: 'NOOP'>, <Event.MESSAGE: 'MESSAGE'>]
01:03:35 Player Valeera received event {'event': <Event.MESSAGE: 'MESSAGE'>, 'player': 1, 'text': 'I, Jaina, 1 am a stupid player'}
01:03:35 Valeera [<Event.NOOP: 'NOOP'>, <Event.MESSAGE: 'MESSAGE'>]
01:03:35 ['gameState.phase', 'voting', 'presidentSelectingPolicy']
01:03:35 Player Valeera received event {'event': <Event.VOTES: 'VOTES'>, 'votes': ['ja', 'ja', 'ja', 'ja', 'ja']}
01:03:35 Valeera [<Event.NOOP: 'NOOP'>, <Event.MESSAGE: 'MESSAGE'>]
01:03:36 Action MESSAGE with {'chat': 'I, Valeera, 3 am a stupid player'} from Valeera
01:03:37 ['gameState.phase', 'presidentSelectingPolicy', 'chancellorSelectingPolicy']
01:03:37 Player Valeera received event {'event': <Event.GET_CARD: 'GET_CARD'>, 'hand': ['fascist', 'liberal']}
01:03:38 Action PLAY_CARD with {'selection': 0} from Valeera
01:03:39 ['gameState.phase', 'chancellorSelectingPolicy', 'enactPolicy']
01:03:39 Player Valeera received event {'event': <Event.MESSAGE: 'MESSAGE'>, 'player': 2, 'text': 'I, Anduin, 2 am a stupid player'}
01:03:39 Valeera [<Event.NOOP: 'NOOP'>, <Event.MESSAGE: 'MESSAGE'>]
01:03:39 Player Valeera received event {'event': <Event.MESSAGE: 'MESSAGE'>, 'player': 1, 'text': 'I, Jaina, 1 am a stupid player'}
01:03:39 Valeera [<Event.NOOP: 'NOOP'>, <Event.MESSAGE: 'MESSAGE'>]
01:03:39 Player Valeera received event {'event': <Event.ENACTED: 'ENACTED'>, 'policy_type': 'fascist', 'num': 5}
01:03:39 Valeera [<Event.CHANCELLOR_CLAIM: 'CHANCELLOR_CLAIM'>]
01:03:39 gameList [{'name': 'eyo', 'flag': 'none', 'userNames': ['Thrall', 'Jaina', 'Anduin', 'Valeera', 'Uther'], 'customCardback': [None, None, None, None, None], 'customCardbackUid': [None, None, None, None, None], 'gameStatus': 'isStarted', 'seatedCount': 5, 'gameCreatorName': 'Jaina', 'minPlayersCount': 5, 'maxPlayersCount': 5, 'excludedPlayerCount': [], 'experiencedMode': True, 'playerChats': 'enabled', 'enactedLiberalPolicyCount': 3, 'enactedFascistPolicyCount': 5, 'electionCount': 14, 'rebalance6p': True, 'uid': 'BoringDirtyUncoveredKingfisher', 'isCustomGame': False}]
01:03:39 ['gameState.phase', 'enactPolicy', 'execution']
01:03:39 Player Valeera received event {'event': <Event.EXECUTE_MESSAGE: 'EXECUTE_MESSAGE'>}
01:03:39 Valeera [<Event.CHANCELLOR_CLAIM: 'CHANCELLOR_CLAIM'>]
01:03:40 Action CHANCELLOR_CLAIM with {'claimState': 'rr'} from Valeera
01:03:40 Player Valeera received event {'event': <Event.MESSAGE: 'MESSAGE'>, 'player': 2, 'text': 'I, Anduin, 2 am a stupid player'}
01:03:40 Valeera [<Event.CHANCELLOR_CLAIM: 'CHANCELLOR_CLAIM'>]
01:03:40 Action CHANCELLOR_CLAIM with {'claimState': 'rr'} from Valeera
01:03:40 Action MESSAGE was overridden
01:03:40 Player Valeera received event {'event': <Event.MESSAGE: 'MESSAGE'>, 'player': 1, 'text': 'I, Jaina, 1 am a stupid player'}
01:03:40 Valeera [<Event.NOOP: 'NOOP'>, <Event.MESSAGE: 'MESSAGE'>]
01:03:42 Action MESSAGE with {'chat': 'I, Valeera, 3 am a stupid player'} from Valeera
01:03:42 Action CHANCELLOR_CLAIM was overridden
01:03:42 Player Valeera received event {'event': <Event.CHANCELLOR_CLAIM: 'CHANCELLOR_CLAIM'>, 'hand': 'rr'}
01:03:43 Player Valeera received event {'event': <Event.MESSAGE: 'MESSAGE'>, 'player': 2, 'text': 'I, Anduin, 2 am a stupid player'}
01:03:43 Valeera [<Event.NOOP: 'NOOP'>, <Event.MESSAGE: 'MESSAGE'>]
01:03:43 Player Valeera received event {'event': <Event.MESSAGE: 'MESSAGE'>, 'player': 1, 'text': 'I, Jaina, 1 am a stupid player'}
01:03:43 Valeera [<Event.NOOP: 'NOOP'>, <Event.MESSAGE: 'MESSAGE'>]
01:03:43 gameList [{'name': 'eyo', 'flag': 'none', 'userNames': ['Thrall', 'Jaina', 'Anduin', 'Valeera', 'Uther'], 'customCardback': [None, None, None, None, None], 'customCardbackUid': [None, None, None, None, None], 'gameStatus': 'isStarted', 'seatedCount': 5, 'gameCreatorName': 'Jaina', 'minPlayersCount': 5, 'maxPlayersCount': 5, 'excludedPlayerCount': [], 'experiencedMode': True, 'playerChats': 'enabled', 'enactedLiberalPolicyCount': 3, 'enactedFascistPolicyCount': 5, 'electionCount': 15, 'rebalance6p': True, 'uid': 'BoringDirtyUncoveredKingfisher', 'isCustomGame': False}]
01:03:43 ['gameState.phase', 'execution', 'selectingChancellor']
01:03:43 Valeera [<Event.NOOP: 'NOOP'>, <Event.MESSAGE: 'MESSAGE'>]
01:03:43 Player Valeera received event {'event': <Event.NOMINATION: 'NOMINATION'>, 'pres': 1, 'chanc': 4}
01:03:43 Valeera [<Event.NOOP: 'NOOP'>, <Event.MESSAGE: 'MESSAGE'>]
01:03:43 ['gameState.phase', 'selectingChancellor', 'voting']
01:03:44 Action PERSONAL_VOTE with {'vote': True} from Valeera
01:03:44 Action MESSAGE was overridden
01:03:44 Action MESSAGE was overridden
01:03:44 Player Valeera received event {'event': <Event.EXECUTE_ACTION: 'EXECUTE_ACTION'>, 'killed': 2, 'killer': 1}
01:03:44 Player Valeera received event {'event': <Event.MESSAGE: 'MESSAGE'>, 'player': 3, 'text': 'I, Valeera, 3 am a stupid player'}
01:03:44 Player Valeera received event {'event': <Event.MESSAGE: 'MESSAGE'>, 'player': 3, 'text': 'I, Valeera, 3 am a stupid player'}
01:03:47 ['gameState.phase', 'voting', 'presidentSelectingPolicy']
01:03:47 Player Valeera received event {'event': <Event.VOTES: 'VOTES'>, 'votes': ['ja', 'ja', 'ja', 'ja', 'nein']}
01:03:47 Valeera [<Event.NOOP: 'NOOP'>, <Event.MESSAGE: 'MESSAGE'>]
01:03:47 ['gameState.phase', 'presidentSelectingPolicy', 'chancellorSelectingPolicy']
01:03:47 Valeera [<Event.NOOP: 'NOOP'>, <Event.MESSAGE: 'MESSAGE'>]
01:03:47 Action MESSAGE with {'chat': 'I, Valeera, 3 am a stupid player'} from Valeera
01:03:47 Player Valeera received event {'event': <Event.MESSAGE: 'MESSAGE'>, 'player': 3, 'text': 'I, Valeera, 3 am a stupid player'}
01:03:49 ['gameState.phase', 'chancellorSelectingPolicy', 'chancellorVoteOnVeto']
01:04:02 Background carry stepping in with message action
01:04:02 Valeera [<Event.NOOP: 'NOOP'>, <Event.MESSAGE: 'MESSAGE'>]
01:04:02 Action MESSAGE with {'chat': 'I, Valeera, 3 am a stupid player'} from Valeera
01:04:02 Player Valeera received event {'event': <Event.MESSAGE: 'MESSAGE'>, 'player': 1, 'text': 'I, Jaina, 1 am a stupid player'}
01:04:02 Valeera [<Event.NOOP: 'NOOP'>, <Event.MESSAGE: 'MESSAGE'>]
01:04:02 Player Valeera received event {'event': <Event.PRESIDENT_CLAIM: 'PRESIDENT_CLAIM'>, 'hand': 'rrb'}
01:04:02 Valeera [<Event.NOOP: 'NOOP'>, <Event.MESSAGE: 'MESSAGE'>]
01:04:02 Player Valeera received event {'event': <Event.CHANCELLOR_VETO: 'CHANCELLOR_VETO'>, 'veto': False}
01:04:02 Valeera [<Event.NOOP: 'NOOP'>, <Event.MESSAGE: 'MESSAGE'>]
01:04:02 Player Valeera received event {'event': <Event.ENACTED: 'ENACTED'>, 'policy_type': 'fascist', 'num': 6}
01:04:02 gameList [{'name': 'eyo', 'flag': 'none', 'userNames': ['Thrall', 'Jaina', 'Anduin', 'Valeera', 'Uther'], 'customCardback': [None, None, None, None, None], 'customCardbackUid': [None, None, None, None, None], 'gameStatus': 'isStarted', 'seatedCount': 5, 'gameCreatorName': 'Jaina', 'minPlayersCount': 5, 'maxPlayersCount': 5, 'excludedPlayerCount': [], 'experiencedMode': True, 'playerChats': 'enabled', 'enactedLiberalPolicyCount': 3, 'enactedFascistPolicyCount': 6, 'electionCount': 15, 'rebalance6p': True, 'uid': 'BoringDirtyUncoveredKingfisher', 'isCustomGame': False}]
01:04:02 Valeera [<Event.NOOP: 'NOOP'>, <Event.MESSAGE: 'MESSAGE'>]
01:04:02 Player Valeera received event {'event': <Event.FASCIST_WIN: 'FASCIST_WIN'>}
01:04:04 Action MESSAGE with {'chat': 'I, Valeera, 3 am a stupid player'} from Valeera
01:04:04 Action MESSAGE with {'chat': 'I, Valeera, 3 am a stupid player'} from Valeera
01:04:04 Action MESSAGE with {'chat': 'I, Valeera, 3 am a stupid player'} from Valeera
01:04:05 gameList [{'name': 'eyo', 'flag': 'none', 'userNames': ['Thrall', 'Jaina', 'Anduin', 'Valeera', 'Uther'], 'customCardback': [None, None, None, None, None], 'customCardbackUid': [None, None, None, None, None], 'gameStatus': 'fascist', 'seatedCount': 5, 'gameCreatorName': 'Jaina', 'minPlayersCount': 5, 'maxPlayersCount': 5, 'excludedPlayerCount': [], 'experiencedMode': True, 'playerChats': 'enabled', 'enactedLiberalPolicyCount': 3, 'enactedFascistPolicyCount': 6, 'electionCount': 15, 'rebalance6p': True, 'uid': 'BoringDirtyUncoveredKingfisher', 'isCustomGame': False}]
01:04:12 Player Valeera received event {'event': <Event.MESSAGE: 'MESSAGE'>, 'player': 2, 'text': 'I, Anduin, 2 am a stupid player'}
Exception in thread Thread-602 (_handle_eio_message):
Traceback (most recent call last):
  File "/home/yannikkellerde/miniconda3/envs/sh_finetuning/lib/python3.10/threading.py", line 1016, in _bootstrap_inner
    01:04:12 Background carry stepping in with message action
self.run()Traceback (most recent call last):
  File "/home/yannikkellerde/github_repos/secret-hitler/python/run_it_all.py", line 26, in <module>

  File "/home/yannikkellerde/miniconda3/envs/sh_finetuning/lib/python3.10/threading.py", line 953, in run
    fire.Fire(run_it_all)
  File "/home/yannikkellerde/miniconda3/envs/sh_finetuning/lib/python3.10/site-packages/fire/core.py", line 141, in Fire
    self._target(*self._args, **self._kwargs)
  File "/home/yannikkellerde/miniconda3/envs/sh_finetuning/lib/python3.10/site-packages/socketio/client.py", line 621, in _handle_eio_message
    component_trace = _Fire(component, args, parsed_flag_args, context, name)
      File "/home/yannikkellerde/miniconda3/envs/sh_finetuning/lib/python3.10/site-packages/fire/core.py", line 475, in _Fire
self._handle_event(pkt.namespace, pkt.id, pkt.data)
      File "/home/yannikkellerde/miniconda3/envs/sh_finetuning/lib/python3.10/site-packages/socketio/client.py", line 505, in _handle_event
component, remaining_args = _CallAndUpdateTrace(
      File "/home/yannikkellerde/miniconda3/envs/sh_finetuning/lib/python3.10/site-packages/fire/core.py", line 691, in _CallAndUpdateTrace
r = self._trigger_event(data[0], namespace, *data[1:])
      File "/home/yannikkellerde/miniconda3/envs/sh_finetuning/lib/python3.10/site-packages/socketio/client.py", line 555, in _trigger_event
component = fn(*varargs, **kwargs)    
return self.handlers[namespace][event](*args)  File "/home/yannikkellerde/github_repos/secret-hitler/python/run_it_all.py", line 22, in run_it_all

    carry_in_the_back(builder, sio)  File "/home/yannikkellerde/github_repos/secret-hitler/python/sio_events.py", line 91, in gameUpdate

  File "/home/yannikkellerde/github_repos/secret-hitler/python/background_carry.py", line 57, in carry_in_the_back
        builder.perform_action(Event.MESSAGE)event_builder.new_game_update(game_update)

  File "/home/yannikkellerde/github_repos/secret-hitler/python/event_builder.py", line 50, in perform_action
  File "/home/yannikkellerde/github_repos/secret-hitler/python/event_builder.py", line 67, in new_game_update
        self.inform_diff(d)act = self.player.request_action(event, self.gameUpdate)

  File "/home/yannikkellerde/github_repos/secret-hitler/python/event_builder.py", line 130, in inform_diff
  File "/home/yannikkellerde/github_repos/secret-hitler/python/stupid_player.py", line 91, in request_action
    self.perform_action(Event.MESSAGE)
      File "/home/yannikkellerde/github_repos/secret-hitler/python/event_builder.py", line 50, in perform_action
match gameUpdate.playersState[self.pid].claim:
IndexError:     list index out of rangeact = self.player.request_action(event, self.gameUpdate)

  File "/home/yannikkellerde/github_repos/secret-hitler/python/stupid_player.py", line 91, in request_action
    match gameUpdate.playersState[self.pid].claim:
IndexError: list index out of range
01:04:27 got disconnected :(
Exception ignored in: <module 'threading' from '/home/yannikkellerde/miniconda3/envs/sh_finetuning/lib/python3.10/threading.py'>
Traceback (most recent call last):
  File "/home/yannikkellerde/miniconda3/envs/sh_finetuning/lib/python3.10/threading.py", line 1567, in _shutdown
    lock.acquire()
  File "/home/yannikkellerde/miniconda3/envs/sh_finetuning/lib/python3.10/site-packages/engineio/client.py", line 43, in signal_handler
    return original_signal_handler(sig, frame)
  File "/home/yannikkellerde/miniconda3/envs/sh_finetuning/lib/python3.10/site-packages/socketio/client.py", line 30, in signal_handler
    return signal.default_int_handler(sig, frame)
KeyboardInterrupt: 
